0 info it worked if it ends with ok
1 verbose cli [ '/usr/bin/nodejs', '/usr/bin/npm', 'install', 'chosen-js' ]
2 info using npm@3.10.5
3 info using node@v4.4.7
4 silly loadCurrentTree Starting
5 silly install loadCurrentTree
6 silly install readLocalPackageData
7 silly fetchPackageMetaData chosen-js
8 silly fetchNamedPackageData chosen-js
9 silly mapToRegistry name chosen-js
10 silly mapToRegistry using default registry
11 silly mapToRegistry registry https://registry.npmjs.org/
12 silly mapToRegistry data Result {
12 silly mapToRegistry   raw: 'chosen-js',
12 silly mapToRegistry   scope: null,
12 silly mapToRegistry   escapedName: 'chosen-js',
12 silly mapToRegistry   name: 'chosen-js',
12 silly mapToRegistry   rawSpec: '',
12 silly mapToRegistry   spec: 'latest',
12 silly mapToRegistry   type: 'tag' }
13 silly mapToRegistry uri https://registry.npmjs.org/chosen-js
14 verbose request uri https://registry.npmjs.org/chosen-js
15 verbose request no auth needed
16 info attempt registry request try #1 at 2:04:36 PM
17 verbose request id 73931308c85e92ba
18 http request GET https://registry.npmjs.org/chosen-js
19 http 200 https://registry.npmjs.org/chosen-js
20 verbose headers { server: 'nginx/1.10.1',
20 verbose headers   'content-type': 'application/json',
20 verbose headers   'last-modified': 'Wed, 03 Aug 2016 21:46:25 GMT',
20 verbose headers   etag: 'W/"57a26631-1c70"',
20 verbose headers   'content-encoding': 'gzip',
20 verbose headers   'cache-control': 'max-age=300',
20 verbose headers   'content-length': '1914',
20 verbose headers   'accept-ranges': 'bytes',
20 verbose headers   date: 'Sat, 21 Jan 2017 10:34:44 GMT',
20 verbose headers   via: '1.1 varnish',
20 verbose headers   age: '246',
20 verbose headers   connection: 'keep-alive',
20 verbose headers   'x-served-by': 'cache-hhn1528-HHN',
20 verbose headers   'x-cache': 'HIT',
20 verbose headers   'x-cache-hits': '1',
20 verbose headers   'x-timer': 'S1484994884.489514,VS0,VE0',
20 verbose headers   vary: 'Accept-Encoding' }
21 silly get cb [ 200,
21 silly get   { server: 'nginx/1.10.1',
21 silly get     'content-type': 'application/json',
21 silly get     'last-modified': 'Wed, 03 Aug 2016 21:46:25 GMT',
21 silly get     etag: 'W/"57a26631-1c70"',
21 silly get     'content-encoding': 'gzip',
21 silly get     'cache-control': 'max-age=300',
21 silly get     'content-length': '1914',
21 silly get     'accept-ranges': 'bytes',
21 silly get     date: 'Sat, 21 Jan 2017 10:34:44 GMT',
21 silly get     via: '1.1 varnish',
21 silly get     age: '246',
21 silly get     connection: 'keep-alive',
21 silly get     'x-served-by': 'cache-hhn1528-HHN',
21 silly get     'x-cache': 'HIT',
21 silly get     'x-cache-hits': '1',
21 silly get     'x-timer': 'S1484994884.489514,VS0,VE0',
21 silly get     vary: 'Accept-Encoding' } ]
22 verbose get saving chosen-js to /home/tahmasebi/.npm/registry.npmjs.org/chosen-js/.cache.json
23 verbose correctMkdir /home/tahmasebi/.npm correctMkdir not in flight; initializing
24 silly install normalizeTree
25 silly loadCurrentTree Finishing
26 silly loadIdealTree Starting
27 silly install loadIdealTree
28 silly cloneCurrentTree Starting
29 silly install cloneCurrentTreeToIdealTree
30 silly cloneCurrentTree Finishing
31 silly loadShrinkwrap Starting
32 silly install loadShrinkwrap
33 silly loadShrinkwrap Finishing
34 silly loadAllDepsIntoIdealTree Starting
35 silly install loadAllDepsIntoIdealTree
36 silly resolveWithNewModule chosen-js@1.6.2 checking installable status
37 silly cache add args [ 'chosen-js', null ]
38 verbose cache add spec chosen-js
39 silly cache add parsed spec Result {
39 silly cache add   raw: 'chosen-js',
39 silly cache add   scope: null,
39 silly cache add   escapedName: 'chosen-js',
39 silly cache add   name: 'chosen-js',
39 silly cache add   rawSpec: '',
39 silly cache add   spec: 'latest',
39 silly cache add   type: 'tag' }
40 silly addNamed chosen-js@latest
41 verbose addNamed "latest" is being treated as a dist-tag for chosen-js
42 info addNameTag [ 'chosen-js', 'latest' ]
43 silly mapToRegistry name chosen-js
44 silly mapToRegistry using default registry
45 silly mapToRegistry registry https://registry.npmjs.org/
46 silly mapToRegistry data Result {
46 silly mapToRegistry   raw: 'chosen-js',
46 silly mapToRegistry   scope: null,
46 silly mapToRegistry   escapedName: 'chosen-js',
46 silly mapToRegistry   name: 'chosen-js',
46 silly mapToRegistry   rawSpec: '',
46 silly mapToRegistry   spec: 'latest',
46 silly mapToRegistry   type: 'tag' }
47 silly mapToRegistry uri https://registry.npmjs.org/chosen-js
48 verbose addNameTag registry:https://registry.npmjs.org/chosen-js not in flight; fetching
49 verbose get https://registry.npmjs.org/chosen-js not expired, no request
50 silly addNameTag next cb for chosen-js with tag latest
51 silly addNamed chosen-js@1.6.2
52 verbose addNamed "1.6.2" is a plain semver version for chosen-js
53 silly mapToRegistry name chosen-js
54 silly mapToRegistry using default registry
55 silly mapToRegistry registry https://registry.npmjs.org/
56 silly mapToRegistry data Result {
56 silly mapToRegistry   raw: 'chosen-js',
56 silly mapToRegistry   scope: null,
56 silly mapToRegistry   escapedName: 'chosen-js',
56 silly mapToRegistry   name: 'chosen-js',
56 silly mapToRegistry   rawSpec: '',
56 silly mapToRegistry   spec: 'latest',
56 silly mapToRegistry   type: 'tag' }
57 silly mapToRegistry uri https://registry.npmjs.org/chosen-js
58 verbose addRemoteTarball https://registry.npmjs.org/chosen-js/-/chosen-js-1.6.2.tgz not in flight; adding
59 verbose addRemoteTarball [ 'https://registry.npmjs.org/chosen-js/-/chosen-js-1.6.2.tgz',
59 verbose addRemoteTarball   '9609b997cbac40bd084c2fc9d952de8643fde9cb' ]
60 info retry fetch attempt 1 at 2:04:44 PM
61 info attempt registry request try #1 at 2:04:44 PM
62 http fetch GET https://registry.npmjs.org/chosen-js/-/chosen-js-1.6.2.tgz
63 http fetch 200 https://registry.npmjs.org/chosen-js/-/chosen-js-1.6.2.tgz
64 silly fetchAndShaCheck shasum 9609b997cbac40bd084c2fc9d952de8643fde9cb
65 verbose addTmpTarball /tmp/npm-17555-dcd85651/registry.npmjs.org/chosen-js/-/chosen-js-1.6.2.tgz not in flight; adding
66 verbose addTmpTarball already have metadata; skipping unpack for chosen-js@1.6.2
67 verbose correctMkdir /home/tahmasebi/.npm correctMkdir not in flight; initializing
68 silly cache afterAdd chosen-js@1.6.2
69 verbose afterAdd /home/tahmasebi/.npm/chosen-js/1.6.2/package/package.json not in flight; writing
70 verbose correctMkdir /home/tahmasebi/.npm correctMkdir not in flight; initializing
71 verbose afterAdd /home/tahmasebi/.npm/chosen-js/1.6.2/package/package.json written
72 silly fetchNamedPackageData fsevents
73 silly mapToRegistry name fsevents
74 silly mapToRegistry using default registry
75 silly mapToRegistry registry https://registry.npmjs.org/
76 silly mapToRegistry data Result {
76 silly mapToRegistry   raw: 'fsevents',
76 silly mapToRegistry   scope: null,
76 silly mapToRegistry   escapedName: 'fsevents',
76 silly mapToRegistry   name: 'fsevents',
76 silly mapToRegistry   rawSpec: '',
76 silly mapToRegistry   spec: 'latest',
76 silly mapToRegistry   type: 'tag' }
77 silly mapToRegistry uri https://registry.npmjs.org/fsevents
78 verbose request uri https://registry.npmjs.org/fsevents
79 verbose request no auth needed
80 info attempt registry request try #1 at 2:04:45 PM
81 verbose etag W/"586d770e-c238"
82 verbose lastModified Wed, 04 Jan 2017 22:28:30 GMT
83 http request GET https://registry.npmjs.org/fsevents
84 http 304 https://registry.npmjs.org/fsevents
85 verbose headers { date: 'Sat, 21 Jan 2017 10:34:46 GMT',
85 verbose headers   via: '1.1 varnish',
85 verbose headers   'cache-control': 'max-age=300',
85 verbose headers   etag: 'W/"586d770e-c238"',
85 verbose headers   age: '153',
85 verbose headers   connection: 'keep-alive',
85 verbose headers   'x-served-by': 'cache-hhn1528-HHN',
85 verbose headers   'x-cache': 'HIT',
85 verbose headers   'x-cache-hits': '8',
85 verbose headers   'x-timer': 'S1484994886.285866,VS0,VE0',
85 verbose headers   vary: 'Accept-Encoding' }
86 silly get cb [ 304,
86 silly get   { date: 'Sat, 21 Jan 2017 10:34:46 GMT',
86 silly get     via: '1.1 varnish',
86 silly get     'cache-control': 'max-age=300',
86 silly get     etag: 'W/"586d770e-c238"',
86 silly get     age: '153',
86 silly get     connection: 'keep-alive',
86 silly get     'x-served-by': 'cache-hhn1528-HHN',
86 silly get     'x-cache': 'HIT',
86 silly get     'x-cache-hits': '8',
86 silly get     'x-timer': 'S1484994886.285866,VS0,VE0',
86 silly get     vary: 'Accept-Encoding' } ]
87 verbose etag https://registry.npmjs.org/fsevents from cache
88 verbose get saving fsevents to /home/tahmasebi/.npm/registry.npmjs.org/fsevents/.cache.json
89 verbose correctMkdir /home/tahmasebi/.npm correctMkdir not in flight; initializing
90 silly resolveWithNewModule fsevents@1.0.17 checking installable status
91 silly loadAllDepsIntoIdealTree Finishing
92 silly loadIdealTree Finishing
93 silly currentTree ajaxlogin
93 silly currentTree ├── abbrev@1.0.9
93 silly currentTree ├─┬ accord@0.26.4
93 silly currentTree │ ├── glob@7.1.1
93 silly currentTree │ ├── minimatch@3.0.3
93 silly currentTree │ └── semver@5.3.0
93 silly currentTree ├─┬ acorn-jsx@3.0.1
93 silly currentTree │ └── acorn@3.3.0
93 silly currentTree ├─┬ acorn-object-spread@1.0.0
93 silly currentTree │ └── acorn@3.3.0
93 silly currentTree ├── acorn@4.0.4
93 silly currentTree ├── align-text@0.1.4
93 silly currentTree ├── alphanum-sort@1.0.2
93 silly currentTree ├── amdefine@1.0.1
93 silly currentTree ├── ansi-regex@2.1.1
93 silly currentTree ├── ansi-styles@2.2.1
93 silly currentTree ├── ansicolors@0.2.1
93 silly currentTree ├── anymatch@1.3.0
93 silly currentTree ├── aproba@1.0.4
93 silly currentTree ├── archy@1.0.0
93 silly currentTree ├── are-we-there-yet@1.1.2
93 silly currentTree ├── argparse@1.0.9
93 silly currentTree ├── arr-diff@2.0.0
93 silly currentTree ├── arr-flatten@1.0.1
93 silly currentTree ├── array-differ@1.0.0
93 silly currentTree ├── array-find-index@1.0.2
93 silly currentTree ├── array-union@1.0.2
93 silly currentTree ├── array-uniq@1.0.3
93 silly currentTree ├── array-unique@0.2.1
93 silly currentTree ├── arrify@1.0.1
93 silly currentTree ├── asap@2.0.5
93 silly currentTree ├── asn1.js@4.9.1
93 silly currentTree ├── asn1@0.2.3
93 silly currentTree ├── assert-plus@0.2.0
93 silly currentTree ├── assert@1.4.1
93 silly currentTree ├─┬ async-done@1.2.2
93 silly currentTree │ └── end-of-stream@1.1.0
93 silly currentTree ├── async-each@1.0.1
93 silly currentTree ├── async-foreach@0.1.3
93 silly currentTree ├── async@0.2.10
93 silly currentTree ├── asynckit@0.4.0
93 silly currentTree ├── atob@1.1.3
93 silly currentTree ├── autoprefixer@6.6.1
93 silly currentTree ├── aws-sign2@0.6.0
93 silly currentTree ├── aws4@1.5.0
93 silly currentTree ├── balanced-match@0.4.2
93 silly currentTree ├── base64-js@1.2.0
93 silly currentTree ├── bcrypt-pbkdf@1.0.0
93 silly currentTree ├── beeper@1.1.1
93 silly currentTree ├── big.js@3.1.3
93 silly currentTree ├── binary-extensions@1.8.0
93 silly currentTree ├─┬ bl@1.2.0
93 silly currentTree │ ├── isarray@1.0.0
93 silly currentTree │ └── readable-stream@2.2.2
93 silly currentTree ├── block-stream@0.0.9
93 silly currentTree ├── bluebird@3.4.7
93 silly currentTree ├── bn.js@4.11.6
93 silly currentTree ├── boom@2.10.1
93 silly currentTree ├── bootstrap-sass@3.3.7
93 silly currentTree ├── brace-expansion@1.1.6
93 silly currentTree ├── braces@1.8.5
93 silly currentTree ├── brorand@1.0.6
93 silly currentTree ├── browserify-aes@1.0.6
93 silly currentTree ├── browserify-cipher@1.0.0
93 silly currentTree ├── browserify-des@1.0.0
93 silly currentTree ├── browserify-rsa@4.0.1
93 silly currentTree ├── browserify-sign@4.0.0
93 silly currentTree ├── browserify-zlib@0.1.4
93 silly currentTree ├── browserslist@1.5.2
93 silly currentTree ├── buble-loader@0.2.2
93 silly currentTree ├─┬ buble@0.12.5
93 silly currentTree │ └── acorn@3.3.0
93 silly currentTree ├── buffer-shims@1.0.0
93 silly currentTree ├── buffer-xor@1.0.3
93 silly currentTree ├─┬ buffer@4.9.1
93 silly currentTree │ └── isarray@1.0.0
93 silly currentTree ├── builtin-modules@1.1.1
93 silly currentTree ├── builtin-status-codes@3.0.0
93 silly currentTree ├─┬ camelcase-keys@2.1.0
93 silly currentTree │ └── camelcase@2.1.1
93 silly currentTree ├── camelcase@1.2.1
93 silly currentTree ├── caniuse-api@1.5.2
93 silly currentTree ├── caniuse-db@1.0.30000613
93 silly currentTree ├── cardinal@1.0.0
93 silly currentTree ├── caseless@0.11.0
93 silly currentTree ├── center-align@0.1.3
93 silly currentTree ├── chalk@1.1.3
93 silly currentTree ├── chokidar@1.6.1
93 silly currentTree ├── cipher-base@1.0.3
93 silly currentTree ├── clap@1.1.2
93 silly currentTree ├── clean-css@3.4.24
93 silly currentTree ├── cli-table@0.3.1
93 silly currentTree ├── cli-usage@0.1.4
93 silly currentTree ├── cliui@2.1.0
93 silly currentTree ├── clone-buffer@1.0.0
93 silly currentTree ├── clone-stats@0.0.1
93 silly currentTree ├── clone@1.0.2
93 silly currentTree ├── cloneable-readable@1.0.0
93 silly currentTree ├── coa@1.0.1
93 silly currentTree ├── code-point-at@1.1.0
93 silly currentTree ├── color-convert@1.9.0
93 silly currentTree ├── color-name@1.1.1
93 silly currentTree ├── color-string@0.3.0
93 silly currentTree ├── color@0.11.4
93 silly currentTree ├── colormin@1.1.2
93 silly currentTree ├── colors@1.0.3
93 silly currentTree ├── combined-stream@1.0.5
93 silly currentTree ├── commander@2.8.1
93 silly currentTree ├── concat-map@0.0.1
93 silly currentTree ├─┬ concat-with-sourcemaps@1.0.4
93 silly currentTree │ └── source-map@0.5.6
93 silly currentTree ├── config-chain@1.1.11
93 silly currentTree ├── console-browserify@1.1.0
93 silly currentTree ├── console-control-strings@1.1.0
93 silly currentTree ├── consolidate@0.14.5
93 silly currentTree ├── constants-browserify@1.0.0
93 silly currentTree ├── convert-source-map@1.3.0
93 silly currentTree ├── core-util-is@1.0.2
93 silly currentTree ├── create-ecdh@4.0.0
93 silly currentTree ├── create-hash@1.1.2
93 silly currentTree ├── create-hmac@1.1.4
93 silly currentTree ├─┬ cross-spawn@3.0.1
93 silly currentTree │ └── lru-cache@4.0.2
93 silly currentTree ├── cryptiles@2.0.5
93 silly currentTree ├── crypto-browserify@3.11.0
93 silly currentTree ├── css-color-names@0.0.4
93 silly currentTree ├─┬ css-loader@0.23.1
93 silly currentTree │ └── object-assign@4.1.1
93 silly currentTree ├── css-selector-tokenizer@0.5.4
93 silly currentTree ├─┬ css@2.2.1
93 silly currentTree │ └── source-map@0.1.43
93 silly currentTree ├── cssesc@0.1.0
93 silly currentTree ├─┬ cssnano@3.10.0
93 silly currentTree │ └── object-assign@4.1.1
93 silly currentTree ├─┬ csso@2.2.1
93 silly currentTree │ └── source-map@0.5.6
93 silly currentTree ├── currently-unhandled@0.4.1
93 silly currentTree ├─┬ dashdash@1.14.1
93 silly currentTree │ └── assert-plus@1.0.0
93 silly currentTree ├── date-now@0.1.4
93 silly currentTree ├── dateformat@2.0.0
93 silly currentTree ├── de-indent@1.0.2
93 silly currentTree ├── deap@1.0.0
93 silly currentTree ├─┬ debug-fabulous@0.0.4
93 silly currentTree │ └── object-assign@4.1.0
93 silly currentTree ├── debug@2.6.0
93 silly currentTree ├── decamelize@1.2.0
93 silly currentTree ├── defaults@1.0.3
93 silly currentTree ├── defined@1.0.0
93 silly currentTree ├─┬ del@2.2.2
93 silly currentTree │ └── object-assign@4.1.1
93 silly currentTree ├── delayed-stream@1.0.0
93 silly currentTree ├── delegates@1.0.0
93 silly currentTree ├── deprecated@0.0.1
93 silly currentTree ├── des.js@1.0.0
93 silly currentTree ├── detect-file@0.1.0
93 silly currentTree ├── detect-newline@2.1.0
93 silly currentTree ├── diffie-hellman@5.0.2
93 silly currentTree ├── domain-browser@1.1.7
93 silly currentTree ├── duplexer2@0.0.2
93 silly currentTree ├─┬ duplexify@3.5.0
93 silly currentTree │ ├── end-of-stream@1.0.0
93 silly currentTree │ ├── isarray@1.0.0
93 silly currentTree │ └── readable-stream@2.2.2
93 silly currentTree ├── ecc-jsbn@0.1.1
93 silly currentTree ├─┬ editorconfig@0.13.2
93 silly currentTree │ ├── commander@2.9.0
93 silly currentTree │ └── lru-cache@3.2.0
93 silly currentTree ├── elliptic@6.3.2
93 silly currentTree ├── emojis-list@2.1.0
93 silly currentTree ├── end-of-stream@0.1.5
93 silly currentTree ├─┬ enhanced-resolve@2.3.0
93 silly currentTree │ ├── graceful-fs@4.1.11
93 silly currentTree │ └── object-assign@4.1.1
93 silly currentTree ├── errno@0.1.4
93 silly currentTree ├── error-ex@1.3.0
93 silly currentTree ├── escape-string-regexp@1.0.5
93 silly currentTree ├── esprima@3.0.0
93 silly currentTree ├── events@1.1.1
93 silly currentTree ├── evp_bytestokey@1.0.0
93 silly currentTree ├── expand-brackets@0.1.5
93 silly currentTree ├── expand-range@1.8.2
93 silly currentTree ├── expand-tilde@1.2.2
93 silly currentTree ├── extend@3.0.0
93 silly currentTree ├── extglob@0.3.2
93 silly currentTree ├── extsprintf@1.0.2
93 silly currentTree ├── fancy-log@1.3.0
93 silly currentTree ├── fastparse@1.1.1
93 silly currentTree ├── file-loader@0.9.0
93 silly currentTree ├── filename-regex@2.0.0
93 silly currentTree ├── fill-range@2.2.3
93 silly currentTree ├── find-index@0.1.1
93 silly currentTree ├── find-up@1.1.2
93 silly currentTree ├── findup-sync@0.4.3
93 silly currentTree ├── fined@1.0.2
93 silly currentTree ├── first-chunk-stream@1.0.0
93 silly currentTree ├── flagged-respawn@0.3.2
93 silly currentTree ├── flatten@1.0.2
93 silly currentTree ├── for-in@0.1.6
93 silly currentTree ├── for-own@0.1.4
93 silly currentTree ├── forever-agent@0.6.1
93 silly currentTree ├── fork-stream@0.0.4
93 silly currentTree ├── form-data@2.1.2
93 silly currentTree ├── fs-exists-sync@0.1.0
93 silly currentTree ├── fs.realpath@1.0.0
93 silly currentTree ├─┬ fstream@1.0.10
93 silly currentTree │ └── graceful-fs@4.1.11
93 silly currentTree ├── function-bind@1.1.0
93 silly currentTree ├─┬ gauge@2.7.2
93 silly currentTree │ ├── object-assign@4.1.1
93 silly currentTree │ └── supports-color@0.2.0
93 silly currentTree ├── gaze@0.5.2
93 silly currentTree ├── generate-function@2.0.0
93 silly currentTree ├── generate-object-property@1.2.0
93 silly currentTree ├── get-caller-file@1.0.2
93 silly currentTree ├── get-stdin@4.0.1
93 silly currentTree ├─┬ getpass@0.1.6
93 silly currentTree │ └── assert-plus@1.0.0
93 silly currentTree ├── glob-base@0.3.0
93 silly currentTree ├── glob-parent@2.0.0
93 silly currentTree ├─┬ glob-stream@3.1.18
93 silly currentTree │ ├── readable-stream@1.0.34
93 silly currentTree │ └── through2@0.6.5
93 silly currentTree ├── glob-watcher@0.0.6
93 silly currentTree ├── glob@4.5.3
93 silly currentTree ├── glob2base@0.0.12
93 silly currentTree ├── global-modules@0.2.3
93 silly currentTree ├── global-prefix@0.1.5
93 silly currentTree ├─┬ globby@5.0.0
93 silly currentTree │ ├── glob@7.1.1
93 silly currentTree │ ├── minimatch@3.0.3
93 silly currentTree │ └── object-assign@4.1.1
93 silly currentTree ├─┬ globule@0.1.0
93 silly currentTree │ ├── glob@3.1.21
93 silly currentTree │ ├── graceful-fs@1.2.3
93 silly currentTree │ ├── inherits@1.0.2
93 silly currentTree │ ├── lodash@1.0.2
93 silly currentTree │ └── minimatch@0.2.14
93 silly currentTree ├── glogg@1.0.0
93 silly currentTree ├── graceful-fs@3.0.11
93 silly currentTree ├── graceful-readlink@1.0.1
93 silly currentTree ├── growly@1.3.0
93 silly currentTree ├── gulp-autoprefixer@3.1.1
93 silly currentTree ├── gulp-batch@1.0.5
93 silly currentTree ├─┬ gulp-concat@2.6.1
93 silly currentTree │ ├── clone-stats@1.0.0
93 silly currentTree │ ├── replace-ext@1.0.0
93 silly currentTree │ └── vinyl@2.0.1
93 silly currentTree ├── gulp-filter@4.0.0
93 silly currentTree ├── gulp-if@2.0.2
93 silly currentTree ├─┬ gulp-less@3.3.0
93 silly currentTree │ └── object-assign@4.1.1
93 silly currentTree ├── gulp-load-plugins@1.4.0
93 silly currentTree ├─┬ gulp-match@1.0.3
93 silly currentTree │ └── minimatch@3.0.3
93 silly currentTree ├─┬ gulp-notify@2.2.0
93 silly currentTree │ ├── readable-stream@1.0.34
93 silly currentTree │ └── through2@0.6.5
93 silly currentTree ├── gulp-rename@1.2.2
93 silly currentTree ├── gulp-rev-replace@0.4.3
93 silly currentTree ├─┬ gulp-rev@7.1.2
93 silly currentTree │ └── object-assign@4.1.1
93 silly currentTree ├─┬ gulp-sass@2.3.2
93 silly currentTree │ └── lodash.clonedeep@4.5.0
93 silly currentTree ├─┬ gulp-shell@0.5.2
93 silly currentTree │ └── async@1.5.2
93 silly currentTree ├─┬ gulp-sourcemaps@1.11.0
93 silly currentTree │ ├── graceful-fs@4.1.11
93 silly currentTree │ ├── strip-bom@2.0.0
93 silly currentTree │ └── vinyl@1.2.0
93 silly currentTree ├─┬ gulp-uglify@1.5.4
93 silly currentTree │ ├── source-map@0.5.6
93 silly currentTree │ └── uglify-js@2.6.4
93 silly currentTree ├── gulp-util@3.0.8
93 silly currentTree ├── gulp@3.9.1
93 silly currentTree ├── gulplog@1.0.0
93 silly currentTree ├─┬ har-validator@2.0.6
93 silly currentTree │ └── commander@2.9.0
93 silly currentTree ├── has-ansi@2.0.0
93 silly currentTree ├── has-flag@1.0.0
93 silly currentTree ├── has-gulplog@0.1.0
93 silly currentTree ├── has-unicode@2.0.1
93 silly currentTree ├── has@1.0.1
93 silly currentTree ├── hash-sum@1.0.2
93 silly currentTree ├── hash.js@1.0.3
93 silly currentTree ├── hawk@3.1.3
93 silly currentTree ├── he@1.1.0
93 silly currentTree ├── hoek@2.16.3
93 silly currentTree ├── homedir-polyfill@1.0.1
93 silly currentTree ├── hosted-git-info@2.1.5
93 silly currentTree ├── html-comment-regex@1.1.1
93 silly currentTree ├── http-signature@1.1.1
93 silly currentTree ├── https-browserify@0.0.1
93 silly currentTree ├── icss-replace-symbols@1.0.2
93 silly currentTree ├── ieee754@1.1.8
93 silly currentTree ├── image-size@0.5.1
93 silly currentTree ├── in-publish@2.0.0
93 silly currentTree ├── indent-string@2.1.0
93 silly currentTree ├── indexes-of@1.0.1
93 silly currentTree ├── indexof@0.0.1
93 silly currentTree ├── indx@0.2.3
93 silly currentTree ├── inflight@1.0.6
93 silly currentTree ├── inherits@2.0.3
93 silly currentTree ├── ini@1.3.4
93 silly currentTree ├── interpret@1.0.1
93 silly currentTree ├── invert-kv@1.0.0
93 silly currentTree ├── is-absolute-url@2.1.0
93 silly currentTree ├── is-absolute@0.2.6
93 silly currentTree ├── is-arrayish@0.2.1
93 silly currentTree ├── is-binary-path@1.0.1
93 silly currentTree ├── is-buffer@1.1.4
93 silly currentTree ├── is-builtin-module@1.0.0
93 silly currentTree ├── is-dotfile@1.0.2
93 silly currentTree ├── is-equal-shallow@0.1.3
93 silly currentTree ├── is-extendable@0.1.1
93 silly currentTree ├── is-extglob@1.0.0
93 silly currentTree ├── is-finite@1.0.2
93 silly currentTree ├── is-fullwidth-code-point@1.0.0
93 silly currentTree ├── is-glob@2.0.1
93 silly currentTree ├── is-my-json-valid@2.15.0
93 silly currentTree ├── is-number@2.1.0
93 silly currentTree ├── is-path-cwd@1.0.0
93 silly currentTree ├── is-path-in-cwd@1.0.0
93 silly currentTree ├── is-path-inside@1.0.0
93 silly currentTree ├── is-plain-obj@1.1.0
93 silly currentTree ├── is-posix-bracket@0.1.1
93 silly currentTree ├── is-primitive@2.0.0
93 silly currentTree ├── is-property@1.0.2
93 silly currentTree ├── is-relative@0.2.1
93 silly currentTree ├── is-stream@1.1.0
93 silly currentTree ├── is-svg@2.1.0
93 silly currentTree ├── is-typedarray@1.0.0
93 silly currentTree ├── is-unc-path@0.1.2
93 silly currentTree ├── is-utf8@0.2.1
93 silly currentTree ├── is-windows@0.2.0
93 silly currentTree ├── is@3.2.0
93 silly currentTree ├── isarray@0.0.1
93 silly currentTree ├── isexe@1.1.2
93 silly currentTree ├─┬ isobject@2.1.0
93 silly currentTree │ └── isarray@1.0.0
93 silly currentTree ├── isstream@0.1.2
93 silly currentTree ├── jodid25519@1.0.2
93 silly currentTree ├── jquery@3.1.1
93 silly currentTree ├── js-base64@2.1.9
93 silly currentTree ├── js-beautify@1.6.8
93 silly currentTree ├─┬ js-yaml@3.6.1
93 silly currentTree │ └── esprima@2.7.3
93 silly currentTree ├── jsbn@0.1.0
93 silly currentTree ├── jsesc@0.5.0
93 silly currentTree ├── json-schema@0.2.3
93 silly currentTree ├── json-stringify-safe@5.0.1
93 silly currentTree ├── json5@0.5.1
93 silly currentTree ├── jsonpointer@4.0.1
93 silly currentTree ├── jsprim@1.3.1
93 silly currentTree ├── kind-of@3.1.0
93 silly currentTree ├── laravel-elixir-vue-2@0.2.0
93 silly currentTree ├── laravel-elixir-webpack-official@1.0.10
93 silly currentTree ├─┬ laravel-elixir@6.0.0-15
93 silly currentTree │ ├── glob@7.1.1
93 silly currentTree │ └── minimatch@3.0.3
93 silly currentTree ├── lazy-cache@1.0.4
93 silly currentTree ├── lazy-debug-legacy@0.0.1
93 silly currentTree ├── lcid@1.0.0
93 silly currentTree ├─┬ less@2.7.2
93 silly currentTree │ ├── graceful-fs@4.1.11
93 silly currentTree │ └── source-map@0.5.6
93 silly currentTree ├── liftoff@2.3.0
93 silly currentTree ├─┬ load-json-file@1.1.0
93 silly currentTree │ ├── graceful-fs@4.1.11
93 silly currentTree │ └── strip-bom@2.0.0
93 silly currentTree ├── loader-runner@2.2.0
93 silly currentTree ├─┬ loader-utils@0.2.16
93 silly currentTree │ └── object-assign@4.1.1
93 silly currentTree ├── lodash._arraycopy@3.0.0
93 silly currentTree ├── lodash._arrayeach@3.0.0
93 silly currentTree ├── lodash._baseassign@3.2.0
93 silly currentTree ├── lodash._baseclone@3.3.0
93 silly currentTree ├── lodash._basecopy@3.0.1
93 silly currentTree ├── lodash._basefor@3.0.3
93 silly currentTree ├── lodash._basetostring@3.0.1
93 silly currentTree ├── lodash._basevalues@3.0.0
93 silly currentTree ├── lodash._bindcallback@3.0.1
93 silly currentTree ├── lodash._createcompounder@3.0.0
93 silly currentTree ├── lodash._getnative@3.9.1
93 silly currentTree ├── lodash._isiterateecall@3.0.9
93 silly currentTree ├── lodash._reescape@3.0.0
93 silly currentTree ├── lodash._reevaluate@3.0.0
93 silly currentTree ├── lodash._reinterpolate@3.0.0
93 silly currentTree ├── lodash._root@3.0.1
93 silly currentTree ├── lodash.assign@4.2.0
93 silly currentTree ├── lodash.assignwith@4.2.0
93 silly currentTree ├── lodash.camelcase@3.0.1
93 silly currentTree ├── lodash.clone@4.5.0
93 silly currentTree ├── lodash.clonedeep@3.0.2
93 silly currentTree ├── lodash.deburr@3.2.0
93 silly currentTree ├── lodash.defaults@4.2.0
93 silly currentTree ├── lodash.escape@3.2.0
93 silly currentTree ├── lodash.flatten@4.4.0
93 silly currentTree ├── lodash.indexof@4.0.5
93 silly currentTree ├── lodash.isarguments@3.1.0
93 silly currentTree ├── lodash.isarray@3.0.4
93 silly currentTree ├── lodash.isempty@4.4.0
93 silly currentTree ├── lodash.isplainobject@4.0.6
93 silly currentTree ├── lodash.isstring@4.0.1
93 silly currentTree ├── lodash.keys@3.1.2
93 silly currentTree ├── lodash.mapvalues@4.6.0
93 silly currentTree ├── lodash.memoize@4.1.2
93 silly currentTree ├── lodash.merge@4.6.0
93 silly currentTree ├── lodash.partialright@4.2.1
93 silly currentTree ├── lodash.pick@4.4.0
93 silly currentTree ├── lodash.restparam@3.6.1
93 silly currentTree ├── lodash.some@4.6.0
93 silly currentTree ├── lodash.template@3.6.2
93 silly currentTree ├── lodash.templatesettings@3.1.1
93 silly currentTree ├── lodash.uniq@4.5.0
93 silly currentTree ├── lodash.words@3.2.0
93 silly currentTree ├── lodash@4.17.4
93 silly currentTree ├── longest@1.0.1
93 silly currentTree ├── loud-rejection@1.6.0
93 silly currentTree ├── lru-cache@2.7.3
93 silly currentTree ├── macaddress@0.2.8
93 silly currentTree ├── magic-string@0.14.0
93 silly currentTree ├── map-cache@0.2.2
93 silly currentTree ├── map-obj@1.0.1
93 silly currentTree ├── marked-terminal@1.7.0
93 silly currentTree ├── marked@0.3.6
93 silly currentTree ├── math-expression-evaluator@1.2.14
93 silly currentTree ├─┬ memory-fs@0.3.0
93 silly currentTree │ ├── isarray@1.0.0
93 silly currentTree │ └── readable-stream@2.2.2
93 silly currentTree ├─┬ meow@3.7.0
93 silly currentTree │ └── object-assign@4.1.1
93 silly currentTree ├─┬ merge-stream@1.0.1
93 silly currentTree │ ├── isarray@1.0.0
93 silly currentTree │ └── readable-stream@2.2.2
93 silly currentTree ├── micromatch@2.3.11
93 silly currentTree ├── miller-rabin@4.0.0
93 silly currentTree ├── mime-db@1.26.0
93 silly currentTree ├── mime-types@2.1.14
93 silly currentTree ├── mime@1.3.4
93 silly currentTree ├── minimalistic-assert@1.0.0
93 silly currentTree ├── minimatch@2.0.10
93 silly currentTree ├── minimist@1.2.0
93 silly currentTree ├─┬ mkdirp@0.5.1
93 silly currentTree │ └── minimist@0.0.8
93 silly currentTree ├── modify-filename@1.1.0
93 silly currentTree ├── ms@0.7.2
93 silly currentTree ├─┬ multimatch@2.1.0
93 silly currentTree │ └── minimatch@3.0.3
93 silly currentTree ├── multipipe@0.1.2
93 silly currentTree ├── nan@2.5.0
93 silly currentTree ├── natives@1.1.0
93 silly currentTree ├── new-from@0.0.3
93 silly currentTree ├── next-tick@1.0.0
93 silly currentTree ├── node-emoji@1.5.1
93 silly currentTree ├─┬ node-gyp@3.5.0
93 silly currentTree │ ├── glob@7.1.1
93 silly currentTree │ ├── graceful-fs@4.1.11
93 silly currentTree │ └── minimatch@3.0.3
93 silly currentTree ├─┬ node-libs-browser@1.1.1
93 silly currentTree │ ├── isarray@1.0.0
93 silly currentTree │ └── readable-stream@2.2.2
93 silly currentTree ├─┬ node-notifier@4.6.1
93 silly currentTree │ └── semver@5.3.0
93 silly currentTree ├─┬ node-sass@3.13.1
93 silly currentTree │ ├── gaze@1.1.2
93 silly currentTree │ ├── glob@7.1.1
93 silly currentTree │ ├── globule@1.1.0
93 silly currentTree │ ├── lodash.clonedeep@4.5.0
93 silly currentTree │ ├── lodash@4.16.6
93 silly currentTree │ └── minimatch@3.0.3
93 silly currentTree ├── node.extend@1.1.6
93 silly currentTree ├── nopt@3.0.6
93 silly currentTree ├── normalize-package-data@2.3.5
93 silly currentTree ├── normalize-path@2.0.1
93 silly currentTree ├── normalize-range@0.1.2
93 silly currentTree ├─┬ normalize-url@1.9.0
93 silly currentTree │ └── object-assign@4.1.1
93 silly currentTree ├── npmlog@4.0.2
93 silly currentTree ├── num2fraction@1.2.2
93 silly currentTree ├── number-is-nan@1.0.1
93 silly currentTree ├── oauth-sign@0.8.2
93 silly currentTree ├── object-assign@3.0.0
93 silly currentTree ├── object.omit@2.0.1
93 silly currentTree ├── once@1.3.3
93 silly currentTree ├─┬ optimist@0.6.1
93 silly currentTree │ └── minimist@0.0.10
93 silly currentTree ├── orchestrator@0.3.8
93 silly currentTree ├── ordered-read-streams@0.1.0
93 silly currentTree ├── os-browserify@0.2.1
93 silly currentTree ├── os-homedir@1.0.2
93 silly currentTree ├── os-locale@1.4.0
93 silly currentTree ├── os-tmpdir@1.0.2
93 silly currentTree ├── osenv@0.1.4
93 silly currentTree ├── pako@0.2.9
93 silly currentTree ├── parse-asn1@5.0.0
93 silly currentTree ├── parse-filepath@1.0.1
93 silly currentTree ├── parse-glob@3.0.4
93 silly currentTree ├── parse-json@2.2.0
93 silly currentTree ├── parse-passwd@1.0.0
93 silly currentTree ├── path-browserify@0.0.0
93 silly currentTree ├── path-exists@2.1.0
93 silly currentTree ├── path-is-absolute@1.0.1
93 silly currentTree ├── path-is-inside@1.0.2
93 silly currentTree ├── path-root-regex@0.1.2
93 silly currentTree ├── path-root@0.1.1
93 silly currentTree ├─┬ path-type@1.1.0
93 silly currentTree │ └── graceful-fs@4.1.11
93 silly currentTree ├── path@0.12.7
93 silly currentTree ├── pbkdf2-compat@2.0.1
93 silly currentTree ├── pbkdf2@3.0.9
93 silly currentTree ├── pify@2.3.0
93 silly currentTree ├── pinkie-promise@2.0.1
93 silly currentTree ├── pinkie@2.0.4
93 silly currentTree ├── postcss-calc@5.3.1
93 silly currentTree ├── postcss-colormin@2.2.1
93 silly currentTree ├── postcss-convert-values@2.6.0
93 silly currentTree ├── postcss-discard-comments@2.0.4
93 silly currentTree ├── postcss-discard-duplicates@2.0.2
93 silly currentTree ├── postcss-discard-empty@2.1.0
93 silly currentTree ├── postcss-discard-overridden@0.1.1
93 silly currentTree ├── postcss-discard-unused@2.2.3
93 silly currentTree ├── postcss-filter-plugins@2.0.2
93 silly currentTree ├── postcss-merge-idents@2.1.7
93 silly currentTree ├── postcss-merge-longhand@2.0.2
93 silly currentTree ├── postcss-merge-rules@2.1.1
93 silly currentTree ├── postcss-message-helpers@2.0.0
93 silly currentTree ├─┬ postcss-minify-font-values@1.0.5
93 silly currentTree │ └── object-assign@4.1.1
93 silly currentTree ├── postcss-minify-gradients@1.0.5
93 silly currentTree ├── postcss-minify-params@1.2.2
93 silly currentTree ├── postcss-minify-selectors@2.1.1
93 silly currentTree ├── postcss-modules-extract-imports@1.0.1
93 silly currentTree ├─┬ postcss-modules-local-by-default@1.1.1
93 silly currentTree │ └── css-selector-tokenizer@0.6.0
93 silly currentTree ├─┬ postcss-modules-scope@1.0.2
93 silly currentTree │ └── css-selector-tokenizer@0.6.0
93 silly currentTree ├── postcss-modules-values@1.2.2
93 silly currentTree ├── postcss-normalize-charset@1.1.1
93 silly currentTree ├── postcss-normalize-url@3.0.8
93 silly currentTree ├── postcss-ordered-values@2.2.3
93 silly currentTree ├── postcss-reduce-idents@2.4.0
93 silly currentTree ├── postcss-reduce-initial@1.0.1
93 silly currentTree ├── postcss-reduce-transforms@1.0.4
93 silly currentTree ├── postcss-selector-parser@2.2.2
93 silly currentTree ├── postcss-svgo@2.1.6
93 silly currentTree ├── postcss-unique-selectors@2.0.2
93 silly currentTree ├── postcss-value-parser@3.3.0
93 silly currentTree ├── postcss-zindex@2.2.0
93 silly currentTree ├─┬ postcss@5.2.11
93 silly currentTree │ ├── source-map@0.5.6
93 silly currentTree │ └── supports-color@3.2.3
93 silly currentTree ├── prepend-http@1.0.4
93 silly currentTree ├── preserve@0.2.0
93 silly currentTree ├── pretty-hrtime@1.0.3
93 silly currentTree ├── process-nextick-args@1.0.7
93 silly currentTree ├── process@0.11.9
93 silly currentTree ├── promise@7.1.1
93 silly currentTree ├── proto-list@1.2.4
93 silly currentTree ├── prr@0.0.0
93 silly currentTree ├── pseudomap@1.0.2
93 silly currentTree ├── public-encrypt@4.0.0
93 silly currentTree ├── punycode@1.4.1
93 silly currentTree ├── q@1.4.1
93 silly currentTree ├── qs@6.3.0
93 silly currentTree ├─┬ query-string@4.3.1
93 silly currentTree │ └── object-assign@4.1.1
93 silly currentTree ├── querystring-es3@0.2.1
93 silly currentTree ├── querystring@0.2.0
93 silly currentTree ├── randomatic@1.1.6
93 silly currentTree ├── randombytes@2.0.3
93 silly currentTree ├── read-pkg-up@1.0.1
93 silly currentTree ├── read-pkg@1.1.0
93 silly currentTree ├── readable-stream@1.1.14
93 silly currentTree ├─┬ readdirp@2.1.0
93 silly currentTree │ ├── graceful-fs@4.1.11
93 silly currentTree │ ├── isarray@1.0.0
93 silly currentTree │ ├── minimatch@3.0.3
93 silly currentTree │ └── readable-stream@2.2.2
93 silly currentTree ├── rechoir@0.6.2
93 silly currentTree ├── redent@1.0.0
93 silly currentTree ├── redeyed@1.0.1
93 silly currentTree ├── reduce-css-calc@1.3.0
93 silly currentTree ├── reduce-function-call@1.0.2
93 silly currentTree ├── regenerate@1.3.2
93 silly currentTree ├── regex-cache@0.4.3
93 silly currentTree ├── regexpu-core@1.0.0
93 silly currentTree ├── regjsgen@0.2.0
93 silly currentTree ├── regjsparser@0.1.5
93 silly currentTree ├── remove-trailing-separator@1.0.1
93 silly currentTree ├── repeat-element@1.1.2
93 silly currentTree ├── repeat-string@1.6.1
93 silly currentTree ├── repeating@2.0.1
93 silly currentTree ├── replace-ext@0.0.1
93 silly currentTree ├── request@2.79.0
93 silly currentTree ├── require-dir@0.3.1
93 silly currentTree ├── require-directory@2.1.1
93 silly currentTree ├── require-main-filename@1.0.1
93 silly currentTree ├── resolve-dir@0.1.1
93 silly currentTree ├── resolve-url@0.2.1
93 silly currentTree ├── resolve@1.2.0
93 silly currentTree ├── rev-hash@1.0.0
93 silly currentTree ├── rev-path@1.0.0
93 silly currentTree ├── right-align@0.1.3
93 silly currentTree ├─┬ rimraf@2.5.4
93 silly currentTree │ ├── glob@7.1.1
93 silly currentTree │ └── minimatch@3.0.3
93 silly currentTree ├── ripemd160@1.0.1
93 silly currentTree ├── run-sequence@1.2.2
93 silly currentTree ├─┬ sass-graph@2.1.2
93 silly currentTree │ ├── cliui@3.2.0
93 silly currentTree │ ├── glob@7.1.1
93 silly currentTree │ ├── minimatch@3.0.3
93 silly currentTree │ ├── window-size@0.2.0
93 silly currentTree │ └── yargs@4.8.1
93 silly currentTree ├─┬ sass-loader@4.1.1
93 silly currentTree │ ├── async@2.1.4
93 silly currentTree │ └── object-assign@4.1.1
93 silly currentTree ├── sax@1.2.1
93 silly currentTree ├── semver@4.3.6
93 silly currentTree ├── sequencify@0.0.7
93 silly currentTree ├── set-blocking@2.0.0
93 silly currentTree ├── set-immediate-shim@1.0.1
93 silly currentTree ├── setimmediate@1.0.5
93 silly currentTree ├── sha.js@2.4.8
93 silly currentTree ├─┬ shelljs@0.7.6
93 silly currentTree │ ├── glob@7.1.1
93 silly currentTree │ └── minimatch@3.0.3
93 silly currentTree ├── shellwords@0.1.0
93 silly currentTree ├── sigmund@1.0.1
93 silly currentTree ├── signal-exit@3.0.2
93 silly currentTree ├── sntp@1.0.9
93 silly currentTree ├── sort-keys@1.1.2
93 silly currentTree ├── source-list-map@0.1.8
93 silly currentTree ├── source-map-resolve@0.3.1
93 silly currentTree ├── source-map-url@0.3.0
93 silly currentTree ├── source-map@0.4.4
93 silly currentTree ├── sparkles@1.0.0
93 silly currentTree ├── spdx-correct@1.0.2
93 silly currentTree ├── spdx-expression-parse@1.0.4
93 silly currentTree ├── spdx-license-ids@1.2.2
93 silly currentTree ├── sprintf-js@1.0.3
93 silly currentTree ├─┬ sshpk@1.10.2
93 silly currentTree │ └── assert-plus@1.0.0
93 silly currentTree ├─┬ stream-array@1.1.2
93 silly currentTree │ ├── isarray@1.0.0
93 silly currentTree │ └── readable-stream@2.1.5
93 silly currentTree ├─┬ stream-browserify@2.0.1
93 silly currentTree │ ├── isarray@1.0.0
93 silly currentTree │ └── readable-stream@2.2.2
93 silly currentTree ├── stream-consume@0.1.0
93 silly currentTree ├── stream-exhaust@1.0.1
93 silly currentTree ├─┬ stream-http@2.6.3
93 silly currentTree │ ├── isarray@1.0.0
93 silly currentTree │ └── readable-stream@2.2.2
93 silly currentTree ├── stream-shift@1.0.0
93 silly currentTree ├─┬ streamfilter@1.0.5
93 silly currentTree │ ├── isarray@1.0.0
93 silly currentTree │ └── readable-stream@2.2.2
93 silly currentTree ├── strict-uri-encode@1.1.0
93 silly currentTree ├── string_decoder@0.10.31
93 silly currentTree ├── string-width@1.0.2
93 silly currentTree ├── string.prototype.codepointat@0.2.0
93 silly currentTree ├── stringstream@0.0.5
93 silly currentTree ├── strip-ansi@3.0.1
93 silly currentTree ├─┬ strip-bom-stream@1.0.0
93 silly currentTree │ └── strip-bom@2.0.0
93 silly currentTree ├── strip-bom@1.0.0
93 silly currentTree ├── strip-indent@1.0.1
93 silly currentTree ├── supports-color@2.0.0
93 silly currentTree ├─┬ svgo@0.7.1
93 silly currentTree │ └── colors@1.1.2
93 silly currentTree ├── tapable@0.2.6
93 silly currentTree ├── tar@2.2.1
93 silly currentTree ├── ternary-stream@2.0.1
93 silly currentTree ├── through@2.3.8
93 silly currentTree ├─┬ through2@2.0.3
93 silly currentTree │ ├── isarray@1.0.0
93 silly currentTree │ └── readable-stream@2.2.2
93 silly currentTree ├── tildify@1.2.0
93 silly currentTree ├── time-stamp@1.0.1
93 silly currentTree ├── timers-browserify@1.4.2
93 silly currentTree ├── to-arraybuffer@1.0.1
93 silly currentTree ├── tough-cookie@2.3.2
93 silly currentTree ├── trim-newlines@1.0.0
93 silly currentTree ├── tty-browserify@0.0.0
93 silly currentTree ├── tunnel-agent@0.4.3
93 silly currentTree ├── tweetnacl@0.14.5
93 silly currentTree ├─┬ uglify-js@2.7.5
93 silly currentTree │ └── source-map@0.5.6
93 silly currentTree ├── uglify-save-license@0.4.1
93 silly currentTree ├── uglify-to-browserify@1.0.2
93 silly currentTree ├── unc-path-regex@0.1.2
93 silly currentTree ├── underscore@1.8.3
93 silly currentTree ├── uniq@1.0.1
93 silly currentTree ├── uniqid@4.1.1
93 silly currentTree ├── uniqs@2.0.0
93 silly currentTree ├── unique-stream@1.0.0
93 silly currentTree ├── urix@0.1.0
93 silly currentTree ├─┬ url-loader@0.5.7
93 silly currentTree │ └── mime@1.2.11
93 silly currentTree ├─┬ url@0.11.0
93 silly currentTree │ └── punycode@1.3.2
93 silly currentTree ├── user-home@1.1.1
93 silly currentTree ├── util-deprecate@1.0.2
93 silly currentTree ├─┬ util@0.10.3
93 silly currentTree │ └── inherits@2.0.1
93 silly currentTree ├── uuid@3.0.1
93 silly currentTree ├── v8flags@2.0.11
93 silly currentTree ├── validate-npm-package-license@3.0.1
93 silly currentTree ├── vendors@1.0.1
93 silly currentTree ├── verror@1.3.6
93 silly currentTree ├─┬ vinyl-file@1.3.0
93 silly currentTree │ ├── graceful-fs@4.1.11
93 silly currentTree │ ├── strip-bom@2.0.0
93 silly currentTree │ └── vinyl@1.2.0
93 silly currentTree ├─┬ vinyl-fs@0.3.14
93 silly currentTree │ ├── clone@0.2.0
93 silly currentTree │ ├── readable-stream@1.0.34
93 silly currentTree │ ├── through2@0.6.5
93 silly currentTree │ └── vinyl@0.4.6
93 silly currentTree ├── vinyl-map2@1.2.1
93 silly currentTree ├─┬ vinyl-sourcemaps-apply@0.2.1
93 silly currentTree │ └── source-map@0.5.6
93 silly currentTree ├── vinyl@0.5.3
93 silly currentTree ├── vlq@0.2.1
93 silly currentTree ├── vm-browserify@0.0.4
93 silly currentTree ├── vue-hot-reload-api@2.0.8
93 silly currentTree ├─┬ vue-loader@9.9.5
93 silly currentTree │ ├── lru-cache@4.0.2
93 silly currentTree │ ├── object-assign@4.1.1
93 silly currentTree │ └── source-map@0.5.6
93 silly currentTree ├── vue-resource@1.0.3
93 silly currentTree ├── vue-style-loader@1.0.0
93 silly currentTree ├── vue-template-compiler@2.1.10
93 silly currentTree ├── vue-template-es2015-compiler@1.5.0
93 silly currentTree ├── vue@2.1.10
93 silly currentTree ├─┬ watchpack@1.2.0
93 silly currentTree │ ├── async@2.1.4
93 silly currentTree │ └── graceful-fs@4.1.11
93 silly currentTree ├── webpack-core@0.6.9
93 silly currentTree ├─┬ webpack-sources@0.1.4
93 silly currentTree │ └── source-map@0.5.6
93 silly currentTree ├─┬ webpack-stream@3.2.0
93 silly currentTree │ ├── acorn@3.3.0
93 silly currentTree │ ├── async@1.5.2
93 silly currentTree │ ├── browserify-aes@0.4.0
93 silly currentTree │ ├── crypto-browserify@3.3.0
93 silly currentTree │ ├─┬ enhanced-resolve@0.9.1
93 silly currentTree │ │ └── memory-fs@0.2.0
93 silly currentTree │ ├── graceful-fs@4.1.11
93 silly currentTree │ ├── interpret@0.6.6
93 silly currentTree │ ├── isarray@1.0.0
93 silly currentTree │ ├── node-libs-browser@0.7.0
93 silly currentTree │ ├── readable-stream@2.2.2
93 silly currentTree │ ├── ripemd160@0.2.0
93 silly currentTree │ ├── sha.js@2.2.6
93 silly currentTree │ ├── supports-color@3.2.3
93 silly currentTree │ ├── tapable@0.1.10
93 silly currentTree │ ├── timers-browserify@2.0.2
93 silly currentTree │ ├── vinyl@1.2.0
93 silly currentTree │ ├─┬ watchpack@0.2.9
93 silly currentTree │ │ └── async@0.9.2
93 silly currentTree │ └── webpack@1.14.0
93 silly currentTree ├─┬ webpack@2.1.0-beta.22
93 silly currentTree │ ├── acorn@3.3.0
93 silly currentTree │ ├── async@1.5.2
93 silly currentTree │ ├── object-assign@4.1.1
93 silly currentTree │ ├── source-map@0.5.6
93 silly currentTree │ ├── supports-color@3.2.3
93 silly currentTree │ ├─┬ uglify-js@2.6.4
93 silly currentTree │ │ ├── async@0.2.10
93 silly currentTree │ │ └── yargs@3.10.0
93 silly currentTree │ └─┬ yargs@4.8.1
93 silly currentTree │   ├── cliui@3.2.0
93 silly currentTree │   └── window-size@0.2.0
93 silly currentTree ├── when@3.7.7
93 silly currentTree ├── whet.extend@0.9.9
93 silly currentTree ├── which-module@1.0.0
93 silly currentTree ├── which@1.2.12
93 silly currentTree ├── wide-align@1.1.0
93 silly currentTree ├── window-size@0.1.0
93 silly currentTree ├── wordwrap@0.0.2
93 silly currentTree ├── wrap-ansi@2.1.0
93 silly currentTree ├── wrappy@1.0.2
93 silly currentTree ├── xtend@4.0.1
93 silly currentTree ├── y18n@3.2.1
93 silly currentTree ├── yallist@2.0.0
93 silly currentTree ├─┬ yargs-parser@2.4.1
93 silly currentTree │ └── camelcase@3.0.0
93 silly currentTree └── yargs@3.10.0
94 silly idealTree ajaxlogin
94 silly idealTree ├── abbrev@1.0.9
94 silly idealTree ├─┬ accord@0.26.4
94 silly idealTree │ ├── glob@7.1.1
94 silly idealTree │ ├── minimatch@3.0.3
94 silly idealTree │ └── semver@5.3.0
94 silly idealTree ├─┬ acorn-jsx@3.0.1
94 silly idealTree │ └── acorn@3.3.0
94 silly idealTree ├─┬ acorn-object-spread@1.0.0
94 silly idealTree │ └── acorn@3.3.0
94 silly idealTree ├── acorn@4.0.4
94 silly idealTree ├── align-text@0.1.4
94 silly idealTree ├── alphanum-sort@1.0.2
94 silly idealTree ├── amdefine@1.0.1
94 silly idealTree ├── ansi-regex@2.1.1
94 silly idealTree ├── ansi-styles@2.2.1
94 silly idealTree ├── ansicolors@0.2.1
94 silly idealTree ├── anymatch@1.3.0
94 silly idealTree ├── aproba@1.0.4
94 silly idealTree ├── archy@1.0.0
94 silly idealTree ├── are-we-there-yet@1.1.2
94 silly idealTree ├── argparse@1.0.9
94 silly idealTree ├── arr-diff@2.0.0
94 silly idealTree ├── arr-flatten@1.0.1
94 silly idealTree ├── array-differ@1.0.0
94 silly idealTree ├── array-find-index@1.0.2
94 silly idealTree ├── array-union@1.0.2
94 silly idealTree ├── array-uniq@1.0.3
94 silly idealTree ├── array-unique@0.2.1
94 silly idealTree ├── arrify@1.0.1
94 silly idealTree ├── asap@2.0.5
94 silly idealTree ├── asn1.js@4.9.1
94 silly idealTree ├── asn1@0.2.3
94 silly idealTree ├── assert-plus@0.2.0
94 silly idealTree ├── assert@1.4.1
94 silly idealTree ├─┬ async-done@1.2.2
94 silly idealTree │ └── end-of-stream@1.1.0
94 silly idealTree ├── async-each@1.0.1
94 silly idealTree ├── async-foreach@0.1.3
94 silly idealTree ├── async@0.2.10
94 silly idealTree ├── asynckit@0.4.0
94 silly idealTree ├── atob@1.1.3
94 silly idealTree ├── autoprefixer@6.6.1
94 silly idealTree ├── aws-sign2@0.6.0
94 silly idealTree ├── aws4@1.5.0
94 silly idealTree ├── balanced-match@0.4.2
94 silly idealTree ├── base64-js@1.2.0
94 silly idealTree ├── bcrypt-pbkdf@1.0.0
94 silly idealTree ├── beeper@1.1.1
94 silly idealTree ├── big.js@3.1.3
94 silly idealTree ├── binary-extensions@1.8.0
94 silly idealTree ├─┬ bl@1.2.0
94 silly idealTree │ ├── isarray@1.0.0
94 silly idealTree │ └── readable-stream@2.2.2
94 silly idealTree ├── block-stream@0.0.9
94 silly idealTree ├── bluebird@3.4.7
94 silly idealTree ├── bn.js@4.11.6
94 silly idealTree ├── boom@2.10.1
94 silly idealTree ├── bootstrap-sass@3.3.7
94 silly idealTree ├── brace-expansion@1.1.6
94 silly idealTree ├── braces@1.8.5
94 silly idealTree ├── brorand@1.0.6
94 silly idealTree ├── browserify-aes@1.0.6
94 silly idealTree ├── browserify-cipher@1.0.0
94 silly idealTree ├── browserify-des@1.0.0
94 silly idealTree ├── browserify-rsa@4.0.1
94 silly idealTree ├── browserify-sign@4.0.0
94 silly idealTree ├── browserify-zlib@0.1.4
94 silly idealTree ├── browserslist@1.5.2
94 silly idealTree ├── buble-loader@0.2.2
94 silly idealTree ├─┬ buble@0.12.5
94 silly idealTree │ └── acorn@3.3.0
94 silly idealTree ├── buffer-shims@1.0.0
94 silly idealTree ├── buffer-xor@1.0.3
94 silly idealTree ├─┬ buffer@4.9.1
94 silly idealTree │ └── isarray@1.0.0
94 silly idealTree ├── builtin-modules@1.1.1
94 silly idealTree ├── builtin-status-codes@3.0.0
94 silly idealTree ├─┬ camelcase-keys@2.1.0
94 silly idealTree │ └── camelcase@2.1.1
94 silly idealTree ├── camelcase@1.2.1
94 silly idealTree ├── caniuse-api@1.5.2
94 silly idealTree ├── caniuse-db@1.0.30000613
94 silly idealTree ├── cardinal@1.0.0
94 silly idealTree ├── caseless@0.11.0
94 silly idealTree ├── center-align@0.1.3
94 silly idealTree ├── chalk@1.1.3
94 silly idealTree ├── chokidar@1.6.1
94 silly idealTree ├── chosen-js@1.6.2
94 silly idealTree ├── cipher-base@1.0.3
94 silly idealTree ├── clap@1.1.2
94 silly idealTree ├── clean-css@3.4.24
94 silly idealTree ├── cli-table@0.3.1
94 silly idealTree ├── cli-usage@0.1.4
94 silly idealTree ├── cliui@2.1.0
94 silly idealTree ├── clone-buffer@1.0.0
94 silly idealTree ├── clone-stats@0.0.1
94 silly idealTree ├── clone@1.0.2
94 silly idealTree ├── cloneable-readable@1.0.0
94 silly idealTree ├── coa@1.0.1
94 silly idealTree ├── code-point-at@1.1.0
94 silly idealTree ├── color-convert@1.9.0
94 silly idealTree ├── color-name@1.1.1
94 silly idealTree ├── color-string@0.3.0
94 silly idealTree ├── color@0.11.4
94 silly idealTree ├── colormin@1.1.2
94 silly idealTree ├── colors@1.0.3
94 silly idealTree ├── combined-stream@1.0.5
94 silly idealTree ├── commander@2.8.1
94 silly idealTree ├── concat-map@0.0.1
94 silly idealTree ├─┬ concat-with-sourcemaps@1.0.4
94 silly idealTree │ └── source-map@0.5.6
94 silly idealTree ├── config-chain@1.1.11
94 silly idealTree ├── console-browserify@1.1.0
94 silly idealTree ├── console-control-strings@1.1.0
94 silly idealTree ├── consolidate@0.14.5
94 silly idealTree ├── constants-browserify@1.0.0
94 silly idealTree ├── convert-source-map@1.3.0
94 silly idealTree ├── core-util-is@1.0.2
94 silly idealTree ├── create-ecdh@4.0.0
94 silly idealTree ├── create-hash@1.1.2
94 silly idealTree ├── create-hmac@1.1.4
94 silly idealTree ├─┬ cross-spawn@3.0.1
94 silly idealTree │ └── lru-cache@4.0.2
94 silly idealTree ├── cryptiles@2.0.5
94 silly idealTree ├── crypto-browserify@3.11.0
94 silly idealTree ├── css-color-names@0.0.4
94 silly idealTree ├─┬ css-loader@0.23.1
94 silly idealTree │ └── object-assign@4.1.1
94 silly idealTree ├── css-selector-tokenizer@0.5.4
94 silly idealTree ├─┬ css@2.2.1
94 silly idealTree │ └── source-map@0.1.43
94 silly idealTree ├── cssesc@0.1.0
94 silly idealTree ├─┬ cssnano@3.10.0
94 silly idealTree │ └── object-assign@4.1.1
94 silly idealTree ├─┬ csso@2.2.1
94 silly idealTree │ └── source-map@0.5.6
94 silly idealTree ├── currently-unhandled@0.4.1
94 silly idealTree ├─┬ dashdash@1.14.1
94 silly idealTree │ └── assert-plus@1.0.0
94 silly idealTree ├── date-now@0.1.4
94 silly idealTree ├── dateformat@2.0.0
94 silly idealTree ├── de-indent@1.0.2
94 silly idealTree ├── deap@1.0.0
94 silly idealTree ├─┬ debug-fabulous@0.0.4
94 silly idealTree │ └── object-assign@4.1.0
94 silly idealTree ├── debug@2.6.0
94 silly idealTree ├── decamelize@1.2.0
94 silly idealTree ├── defaults@1.0.3
94 silly idealTree ├── defined@1.0.0
94 silly idealTree ├─┬ del@2.2.2
94 silly idealTree │ └── object-assign@4.1.1
94 silly idealTree ├── delayed-stream@1.0.0
94 silly idealTree ├── delegates@1.0.0
94 silly idealTree ├── deprecated@0.0.1
94 silly idealTree ├── des.js@1.0.0
94 silly idealTree ├── detect-file@0.1.0
94 silly idealTree ├── detect-newline@2.1.0
94 silly idealTree ├── diffie-hellman@5.0.2
94 silly idealTree ├── domain-browser@1.1.7
94 silly idealTree ├── duplexer2@0.0.2
94 silly idealTree ├─┬ duplexify@3.5.0
94 silly idealTree │ ├── end-of-stream@1.0.0
94 silly idealTree │ ├── isarray@1.0.0
94 silly idealTree │ └── readable-stream@2.2.2
94 silly idealTree ├── ecc-jsbn@0.1.1
94 silly idealTree ├─┬ editorconfig@0.13.2
94 silly idealTree │ ├── commander@2.9.0
94 silly idealTree │ └── lru-cache@3.2.0
94 silly idealTree ├── elliptic@6.3.2
94 silly idealTree ├── emojis-list@2.1.0
94 silly idealTree ├── end-of-stream@0.1.5
94 silly idealTree ├─┬ enhanced-resolve@2.3.0
94 silly idealTree │ ├── graceful-fs@4.1.11
94 silly idealTree │ └── object-assign@4.1.1
94 silly idealTree ├── errno@0.1.4
94 silly idealTree ├── error-ex@1.3.0
94 silly idealTree ├── escape-string-regexp@1.0.5
94 silly idealTree ├── esprima@3.0.0
94 silly idealTree ├── events@1.1.1
94 silly idealTree ├── evp_bytestokey@1.0.0
94 silly idealTree ├── expand-brackets@0.1.5
94 silly idealTree ├── expand-range@1.8.2
94 silly idealTree ├── expand-tilde@1.2.2
94 silly idealTree ├── extend@3.0.0
94 silly idealTree ├── extglob@0.3.2
94 silly idealTree ├── extsprintf@1.0.2
94 silly idealTree ├── fancy-log@1.3.0
94 silly idealTree ├── fastparse@1.1.1
94 silly idealTree ├── file-loader@0.9.0
94 silly idealTree ├── filename-regex@2.0.0
94 silly idealTree ├── fill-range@2.2.3
94 silly idealTree ├── find-index@0.1.1
94 silly idealTree ├── find-up@1.1.2
94 silly idealTree ├── findup-sync@0.4.3
94 silly idealTree ├── fined@1.0.2
94 silly idealTree ├── first-chunk-stream@1.0.0
94 silly idealTree ├── flagged-respawn@0.3.2
94 silly idealTree ├── flatten@1.0.2
94 silly idealTree ├── for-in@0.1.6
94 silly idealTree ├── for-own@0.1.4
94 silly idealTree ├── forever-agent@0.6.1
94 silly idealTree ├── fork-stream@0.0.4
94 silly idealTree ├── form-data@2.1.2
94 silly idealTree ├── fs-exists-sync@0.1.0
94 silly idealTree ├── fs.realpath@1.0.0
94 silly idealTree ├─┬ fstream@1.0.10
94 silly idealTree │ └── graceful-fs@4.1.11
94 silly idealTree ├── function-bind@1.1.0
94 silly idealTree ├─┬ gauge@2.7.2
94 silly idealTree │ ├── object-assign@4.1.1
94 silly idealTree │ └── supports-color@0.2.0
94 silly idealTree ├── gaze@0.5.2
94 silly idealTree ├── generate-function@2.0.0
94 silly idealTree ├── generate-object-property@1.2.0
94 silly idealTree ├── get-caller-file@1.0.2
94 silly idealTree ├── get-stdin@4.0.1
94 silly idealTree ├─┬ getpass@0.1.6
94 silly idealTree │ └── assert-plus@1.0.0
94 silly idealTree ├── glob-base@0.3.0
94 silly idealTree ├── glob-parent@2.0.0
94 silly idealTree ├─┬ glob-stream@3.1.18
94 silly idealTree │ ├── readable-stream@1.0.34
94 silly idealTree │ └── through2@0.6.5
94 silly idealTree ├── glob-watcher@0.0.6
94 silly idealTree ├── glob@4.5.3
94 silly idealTree ├── glob2base@0.0.12
94 silly idealTree ├── global-modules@0.2.3
94 silly idealTree ├── global-prefix@0.1.5
94 silly idealTree ├─┬ globby@5.0.0
94 silly idealTree │ ├── glob@7.1.1
94 silly idealTree │ ├── minimatch@3.0.3
94 silly idealTree │ └── object-assign@4.1.1
94 silly idealTree ├─┬ globule@0.1.0
94 silly idealTree │ ├── glob@3.1.21
94 silly idealTree │ ├── graceful-fs@1.2.3
94 silly idealTree │ ├── inherits@1.0.2
94 silly idealTree │ ├── lodash@1.0.2
94 silly idealTree │ └── minimatch@0.2.14
94 silly idealTree ├── glogg@1.0.0
94 silly idealTree ├── graceful-fs@3.0.11
94 silly idealTree ├── graceful-readlink@1.0.1
94 silly idealTree ├── growly@1.3.0
94 silly idealTree ├── gulp-autoprefixer@3.1.1
94 silly idealTree ├── gulp-batch@1.0.5
94 silly idealTree ├─┬ gulp-concat@2.6.1
94 silly idealTree │ ├── clone-stats@1.0.0
94 silly idealTree │ ├── replace-ext@1.0.0
94 silly idealTree │ └── vinyl@2.0.1
94 silly idealTree ├── gulp-filter@4.0.0
94 silly idealTree ├── gulp-if@2.0.2
94 silly idealTree ├─┬ gulp-less@3.3.0
94 silly idealTree │ └── object-assign@4.1.1
94 silly idealTree ├── gulp-load-plugins@1.4.0
94 silly idealTree ├─┬ gulp-match@1.0.3
94 silly idealTree │ └── minimatch@3.0.3
94 silly idealTree ├─┬ gulp-notify@2.2.0
94 silly idealTree │ ├── readable-stream@1.0.34
94 silly idealTree │ └── through2@0.6.5
94 silly idealTree ├── gulp-rename@1.2.2
94 silly idealTree ├── gulp-rev-replace@0.4.3
94 silly idealTree ├─┬ gulp-rev@7.1.2
94 silly idealTree │ └── object-assign@4.1.1
94 silly idealTree ├─┬ gulp-sass@2.3.2
94 silly idealTree │ └── lodash.clonedeep@4.5.0
94 silly idealTree ├─┬ gulp-shell@0.5.2
94 silly idealTree │ └── async@1.5.2
94 silly idealTree ├─┬ gulp-sourcemaps@1.11.0
94 silly idealTree │ ├── graceful-fs@4.1.11
94 silly idealTree │ ├── strip-bom@2.0.0
94 silly idealTree │ └── vinyl@1.2.0
94 silly idealTree ├─┬ gulp-uglify@1.5.4
94 silly idealTree │ ├── source-map@0.5.6
94 silly idealTree │ └── uglify-js@2.6.4
94 silly idealTree ├── gulp-util@3.0.8
94 silly idealTree ├── gulp@3.9.1
94 silly idealTree ├── gulplog@1.0.0
94 silly idealTree ├─┬ har-validator@2.0.6
94 silly idealTree │ └── commander@2.9.0
94 silly idealTree ├── has-ansi@2.0.0
94 silly idealTree ├── has-flag@1.0.0
94 silly idealTree ├── has-gulplog@0.1.0
94 silly idealTree ├── has-unicode@2.0.1
94 silly idealTree ├── has@1.0.1
94 silly idealTree ├── hash-sum@1.0.2
94 silly idealTree ├── hash.js@1.0.3
94 silly idealTree ├── hawk@3.1.3
94 silly idealTree ├── he@1.1.0
94 silly idealTree ├── hoek@2.16.3
94 silly idealTree ├── homedir-polyfill@1.0.1
94 silly idealTree ├── hosted-git-info@2.1.5
94 silly idealTree ├── html-comment-regex@1.1.1
94 silly idealTree ├── http-signature@1.1.1
94 silly idealTree ├── https-browserify@0.0.1
94 silly idealTree ├── icss-replace-symbols@1.0.2
94 silly idealTree ├── ieee754@1.1.8
94 silly idealTree ├── image-size@0.5.1
94 silly idealTree ├── in-publish@2.0.0
94 silly idealTree ├── indent-string@2.1.0
94 silly idealTree ├── indexes-of@1.0.1
94 silly idealTree ├── indexof@0.0.1
94 silly idealTree ├── indx@0.2.3
94 silly idealTree ├── inflight@1.0.6
94 silly idealTree ├── inherits@2.0.3
94 silly idealTree ├── ini@1.3.4
94 silly idealTree ├── interpret@1.0.1
94 silly idealTree ├── invert-kv@1.0.0
94 silly idealTree ├── is-absolute-url@2.1.0
94 silly idealTree ├── is-absolute@0.2.6
94 silly idealTree ├── is-arrayish@0.2.1
94 silly idealTree ├── is-binary-path@1.0.1
94 silly idealTree ├── is-buffer@1.1.4
94 silly idealTree ├── is-builtin-module@1.0.0
94 silly idealTree ├── is-dotfile@1.0.2
94 silly idealTree ├── is-equal-shallow@0.1.3
94 silly idealTree ├── is-extendable@0.1.1
94 silly idealTree ├── is-extglob@1.0.0
94 silly idealTree ├── is-finite@1.0.2
94 silly idealTree ├── is-fullwidth-code-point@1.0.0
94 silly idealTree ├── is-glob@2.0.1
94 silly idealTree ├── is-my-json-valid@2.15.0
94 silly idealTree ├── is-number@2.1.0
94 silly idealTree ├── is-path-cwd@1.0.0
94 silly idealTree ├── is-path-in-cwd@1.0.0
94 silly idealTree ├── is-path-inside@1.0.0
94 silly idealTree ├── is-plain-obj@1.1.0
94 silly idealTree ├── is-posix-bracket@0.1.1
94 silly idealTree ├── is-primitive@2.0.0
94 silly idealTree ├── is-property@1.0.2
94 silly idealTree ├── is-relative@0.2.1
94 silly idealTree ├── is-stream@1.1.0
94 silly idealTree ├── is-svg@2.1.0
94 silly idealTree ├── is-typedarray@1.0.0
94 silly idealTree ├── is-unc-path@0.1.2
94 silly idealTree ├── is-utf8@0.2.1
94 silly idealTree ├── is-windows@0.2.0
94 silly idealTree ├── is@3.2.0
94 silly idealTree ├── isarray@0.0.1
94 silly idealTree ├── isexe@1.1.2
94 silly idealTree ├─┬ isobject@2.1.0
94 silly idealTree │ └── isarray@1.0.0
94 silly idealTree ├── isstream@0.1.2
94 silly idealTree ├── jodid25519@1.0.2
94 silly idealTree ├── jquery@3.1.1
94 silly idealTree ├── js-base64@2.1.9
94 silly idealTree ├── js-beautify@1.6.8
94 silly idealTree ├─┬ js-yaml@3.6.1
94 silly idealTree │ └── esprima@2.7.3
94 silly idealTree ├── jsbn@0.1.0
94 silly idealTree ├── jsesc@0.5.0
94 silly idealTree ├── json-schema@0.2.3
94 silly idealTree ├── json-stringify-safe@5.0.1
94 silly idealTree ├── json5@0.5.1
94 silly idealTree ├── jsonpointer@4.0.1
94 silly idealTree ├── jsprim@1.3.1
94 silly idealTree ├── kind-of@3.1.0
94 silly idealTree ├── laravel-elixir-vue-2@0.2.0
94 silly idealTree ├── laravel-elixir-webpack-official@1.0.10
94 silly idealTree ├─┬ laravel-elixir@6.0.0-15
94 silly idealTree │ ├── glob@7.1.1
94 silly idealTree │ └── minimatch@3.0.3
94 silly idealTree ├── lazy-cache@1.0.4
94 silly idealTree ├── lazy-debug-legacy@0.0.1
94 silly idealTree ├── lcid@1.0.0
94 silly idealTree ├─┬ less@2.7.2
94 silly idealTree │ ├── graceful-fs@4.1.11
94 silly idealTree │ └── source-map@0.5.6
94 silly idealTree ├── liftoff@2.3.0
94 silly idealTree ├─┬ load-json-file@1.1.0
94 silly idealTree │ ├── graceful-fs@4.1.11
94 silly idealTree │ └── strip-bom@2.0.0
94 silly idealTree ├── loader-runner@2.2.0
94 silly idealTree ├─┬ loader-utils@0.2.16
94 silly idealTree │ └── object-assign@4.1.1
94 silly idealTree ├── lodash._arraycopy@3.0.0
94 silly idealTree ├── lodash._arrayeach@3.0.0
94 silly idealTree ├── lodash._baseassign@3.2.0
94 silly idealTree ├── lodash._baseclone@3.3.0
94 silly idealTree ├── lodash._basecopy@3.0.1
94 silly idealTree ├── lodash._basefor@3.0.3
94 silly idealTree ├── lodash._basetostring@3.0.1
94 silly idealTree ├── lodash._basevalues@3.0.0
94 silly idealTree ├── lodash._bindcallback@3.0.1
94 silly idealTree ├── lodash._createcompounder@3.0.0
94 silly idealTree ├── lodash._getnative@3.9.1
94 silly idealTree ├── lodash._isiterateecall@3.0.9
94 silly idealTree ├── lodash._reescape@3.0.0
94 silly idealTree ├── lodash._reevaluate@3.0.0
94 silly idealTree ├── lodash._reinterpolate@3.0.0
94 silly idealTree ├── lodash._root@3.0.1
94 silly idealTree ├── lodash.assign@4.2.0
94 silly idealTree ├── lodash.assignwith@4.2.0
94 silly idealTree ├── lodash.camelcase@3.0.1
94 silly idealTree ├── lodash.clone@4.5.0
94 silly idealTree ├── lodash.clonedeep@3.0.2
94 silly idealTree ├── lodash.deburr@3.2.0
94 silly idealTree ├── lodash.defaults@4.2.0
94 silly idealTree ├── lodash.escape@3.2.0
94 silly idealTree ├── lodash.flatten@4.4.0
94 silly idealTree ├── lodash.indexof@4.0.5
94 silly idealTree ├── lodash.isarguments@3.1.0
94 silly idealTree ├── lodash.isarray@3.0.4
94 silly idealTree ├── lodash.isempty@4.4.0
94 silly idealTree ├── lodash.isplainobject@4.0.6
94 silly idealTree ├── lodash.isstring@4.0.1
94 silly idealTree ├── lodash.keys@3.1.2
94 silly idealTree ├── lodash.mapvalues@4.6.0
94 silly idealTree ├── lodash.memoize@4.1.2
94 silly idealTree ├── lodash.merge@4.6.0
94 silly idealTree ├── lodash.partialright@4.2.1
94 silly idealTree ├── lodash.pick@4.4.0
94 silly idealTree ├── lodash.restparam@3.6.1
94 silly idealTree ├── lodash.some@4.6.0
94 silly idealTree ├── lodash.template@3.6.2
94 silly idealTree ├── lodash.templatesettings@3.1.1
94 silly idealTree ├── lodash.uniq@4.5.0
94 silly idealTree ├── lodash.words@3.2.0
94 silly idealTree ├── lodash@4.17.4
94 silly idealTree ├── longest@1.0.1
94 silly idealTree ├── loud-rejection@1.6.0
94 silly idealTree ├── lru-cache@2.7.3
94 silly idealTree ├── macaddress@0.2.8
94 silly idealTree ├── magic-string@0.14.0
94 silly idealTree ├── map-cache@0.2.2
94 silly idealTree ├── map-obj@1.0.1
94 silly idealTree ├── marked-terminal@1.7.0
94 silly idealTree ├── marked@0.3.6
94 silly idealTree ├── math-expression-evaluator@1.2.14
94 silly idealTree ├─┬ memory-fs@0.3.0
94 silly idealTree │ ├── isarray@1.0.0
94 silly idealTree │ └── readable-stream@2.2.2
94 silly idealTree ├─┬ meow@3.7.0
94 silly idealTree │ └── object-assign@4.1.1
94 silly idealTree ├─┬ merge-stream@1.0.1
94 silly idealTree │ ├── isarray@1.0.0
94 silly idealTree │ └── readable-stream@2.2.2
94 silly idealTree ├── micromatch@2.3.11
94 silly idealTree ├── miller-rabin@4.0.0
94 silly idealTree ├── mime-db@1.26.0
94 silly idealTree ├── mime-types@2.1.14
94 silly idealTree ├── mime@1.3.4
94 silly idealTree ├── minimalistic-assert@1.0.0
94 silly idealTree ├── minimatch@2.0.10
94 silly idealTree ├── minimist@1.2.0
94 silly idealTree ├─┬ mkdirp@0.5.1
94 silly idealTree │ └── minimist@0.0.8
94 silly idealTree ├── modify-filename@1.1.0
94 silly idealTree ├── ms@0.7.2
94 silly idealTree ├─┬ multimatch@2.1.0
94 silly idealTree │ └── minimatch@3.0.3
94 silly idealTree ├── multipipe@0.1.2
94 silly idealTree ├── nan@2.5.0
94 silly idealTree ├── natives@1.1.0
94 silly idealTree ├── new-from@0.0.3
94 silly idealTree ├── next-tick@1.0.0
94 silly idealTree ├── node-emoji@1.5.1
94 silly idealTree ├─┬ node-gyp@3.5.0
94 silly idealTree │ ├── glob@7.1.1
94 silly idealTree │ ├── graceful-fs@4.1.11
94 silly idealTree │ └── minimatch@3.0.3
94 silly idealTree ├─┬ node-libs-browser@1.1.1
94 silly idealTree │ ├── isarray@1.0.0
94 silly idealTree │ └── readable-stream@2.2.2
94 silly idealTree ├─┬ node-notifier@4.6.1
94 silly idealTree │ └── semver@5.3.0
94 silly idealTree ├─┬ node-sass@3.13.1
94 silly idealTree │ ├── gaze@1.1.2
94 silly idealTree │ ├── glob@7.1.1
94 silly idealTree │ ├── globule@1.1.0
94 silly idealTree │ ├── lodash.clonedeep@4.5.0
94 silly idealTree │ ├── lodash@4.16.6
94 silly idealTree │ └── minimatch@3.0.3
94 silly idealTree ├── node.extend@1.1.6
94 silly idealTree ├── nopt@3.0.6
94 silly idealTree ├── normalize-package-data@2.3.5
94 silly idealTree ├── normalize-path@2.0.1
94 silly idealTree ├── normalize-range@0.1.2
94 silly idealTree ├─┬ normalize-url@1.9.0
94 silly idealTree │ └── object-assign@4.1.1
94 silly idealTree ├── npmlog@4.0.2
94 silly idealTree ├── num2fraction@1.2.2
94 silly idealTree ├── number-is-nan@1.0.1
94 silly idealTree ├── oauth-sign@0.8.2
94 silly idealTree ├── object-assign@3.0.0
94 silly idealTree ├── object.omit@2.0.1
94 silly idealTree ├── once@1.3.3
94 silly idealTree ├─┬ optimist@0.6.1
94 silly idealTree │ └── minimist@0.0.10
94 silly idealTree ├── orchestrator@0.3.8
94 silly idealTree ├── ordered-read-streams@0.1.0
94 silly idealTree ├── os-browserify@0.2.1
94 silly idealTree ├── os-homedir@1.0.2
94 silly idealTree ├── os-locale@1.4.0
94 silly idealTree ├── os-tmpdir@1.0.2
94 silly idealTree ├── osenv@0.1.4
94 silly idealTree ├── pako@0.2.9
94 silly idealTree ├── parse-asn1@5.0.0
94 silly idealTree ├── parse-filepath@1.0.1
94 silly idealTree ├── parse-glob@3.0.4
94 silly idealTree ├── parse-json@2.2.0
94 silly idealTree ├── parse-passwd@1.0.0
94 silly idealTree ├── path-browserify@0.0.0
94 silly idealTree ├── path-exists@2.1.0
94 silly idealTree ├── path-is-absolute@1.0.1
94 silly idealTree ├── path-is-inside@1.0.2
94 silly idealTree ├── path-root-regex@0.1.2
94 silly idealTree ├── path-root@0.1.1
94 silly idealTree ├─┬ path-type@1.1.0
94 silly idealTree │ └── graceful-fs@4.1.11
94 silly idealTree ├── path@0.12.7
94 silly idealTree ├── pbkdf2-compat@2.0.1
94 silly idealTree ├── pbkdf2@3.0.9
94 silly idealTree ├── pify@2.3.0
94 silly idealTree ├── pinkie-promise@2.0.1
94 silly idealTree ├── pinkie@2.0.4
94 silly idealTree ├── postcss-calc@5.3.1
94 silly idealTree ├── postcss-colormin@2.2.1
94 silly idealTree ├── postcss-convert-values@2.6.0
94 silly idealTree ├── postcss-discard-comments@2.0.4
94 silly idealTree ├── postcss-discard-duplicates@2.0.2
94 silly idealTree ├── postcss-discard-empty@2.1.0
94 silly idealTree ├── postcss-discard-overridden@0.1.1
94 silly idealTree ├── postcss-discard-unused@2.2.3
94 silly idealTree ├── postcss-filter-plugins@2.0.2
94 silly idealTree ├── postcss-merge-idents@2.1.7
94 silly idealTree ├── postcss-merge-longhand@2.0.2
94 silly idealTree ├── postcss-merge-rules@2.1.1
94 silly idealTree ├── postcss-message-helpers@2.0.0
94 silly idealTree ├─┬ postcss-minify-font-values@1.0.5
94 silly idealTree │ └── object-assign@4.1.1
94 silly idealTree ├── postcss-minify-gradients@1.0.5
94 silly idealTree ├── postcss-minify-params@1.2.2
94 silly idealTree ├── postcss-minify-selectors@2.1.1
94 silly idealTree ├── postcss-modules-extract-imports@1.0.1
94 silly idealTree ├─┬ postcss-modules-local-by-default@1.1.1
94 silly idealTree │ └── css-selector-tokenizer@0.6.0
94 silly idealTree ├─┬ postcss-modules-scope@1.0.2
94 silly idealTree │ └── css-selector-tokenizer@0.6.0
94 silly idealTree ├── postcss-modules-values@1.2.2
94 silly idealTree ├── postcss-normalize-charset@1.1.1
94 silly idealTree ├── postcss-normalize-url@3.0.8
94 silly idealTree ├── postcss-ordered-values@2.2.3
94 silly idealTree ├── postcss-reduce-idents@2.4.0
94 silly idealTree ├── postcss-reduce-initial@1.0.1
94 silly idealTree ├── postcss-reduce-transforms@1.0.4
94 silly idealTree ├── postcss-selector-parser@2.2.2
94 silly idealTree ├── postcss-svgo@2.1.6
94 silly idealTree ├── postcss-unique-selectors@2.0.2
94 silly idealTree ├── postcss-value-parser@3.3.0
94 silly idealTree ├── postcss-zindex@2.2.0
94 silly idealTree ├─┬ postcss@5.2.11
94 silly idealTree │ ├── source-map@0.5.6
94 silly idealTree │ └── supports-color@3.2.3
94 silly idealTree ├── prepend-http@1.0.4
94 silly idealTree ├── preserve@0.2.0
94 silly idealTree ├── pretty-hrtime@1.0.3
94 silly idealTree ├── process-nextick-args@1.0.7
94 silly idealTree ├── process@0.11.9
94 silly idealTree ├── promise@7.1.1
94 silly idealTree ├── proto-list@1.2.4
94 silly idealTree ├── prr@0.0.0
94 silly idealTree ├── pseudomap@1.0.2
94 silly idealTree ├── public-encrypt@4.0.0
94 silly idealTree ├── punycode@1.4.1
94 silly idealTree ├── q@1.4.1
94 silly idealTree ├── qs@6.3.0
94 silly idealTree ├─┬ query-string@4.3.1
94 silly idealTree │ └── object-assign@4.1.1
94 silly idealTree ├── querystring-es3@0.2.1
94 silly idealTree ├── querystring@0.2.0
94 silly idealTree ├── randomatic@1.1.6
94 silly idealTree ├── randombytes@2.0.3
94 silly idealTree ├── read-pkg-up@1.0.1
94 silly idealTree ├── read-pkg@1.1.0
94 silly idealTree ├── readable-stream@1.1.14
94 silly idealTree ├─┬ readdirp@2.1.0
94 silly idealTree │ ├── graceful-fs@4.1.11
94 silly idealTree │ ├── isarray@1.0.0
94 silly idealTree │ ├── minimatch@3.0.3
94 silly idealTree │ └── readable-stream@2.2.2
94 silly idealTree ├── rechoir@0.6.2
94 silly idealTree ├── redent@1.0.0
94 silly idealTree ├── redeyed@1.0.1
94 silly idealTree ├── reduce-css-calc@1.3.0
94 silly idealTree ├── reduce-function-call@1.0.2
94 silly idealTree ├── regenerate@1.3.2
94 silly idealTree ├── regex-cache@0.4.3
94 silly idealTree ├── regexpu-core@1.0.0
94 silly idealTree ├── regjsgen@0.2.0
94 silly idealTree ├── regjsparser@0.1.5
94 silly idealTree ├── remove-trailing-separator@1.0.1
94 silly idealTree ├── repeat-element@1.1.2
94 silly idealTree ├── repeat-string@1.6.1
94 silly idealTree ├── repeating@2.0.1
94 silly idealTree ├── replace-ext@0.0.1
94 silly idealTree ├── request@2.79.0
94 silly idealTree ├── require-dir@0.3.1
94 silly idealTree ├── require-directory@2.1.1
94 silly idealTree ├── require-main-filename@1.0.1
94 silly idealTree ├── resolve-dir@0.1.1
94 silly idealTree ├── resolve-url@0.2.1
94 silly idealTree ├── resolve@1.2.0
94 silly idealTree ├── rev-hash@1.0.0
94 silly idealTree ├── rev-path@1.0.0
94 silly idealTree ├── right-align@0.1.3
94 silly idealTree ├─┬ rimraf@2.5.4
94 silly idealTree │ ├── glob@7.1.1
94 silly idealTree │ └── minimatch@3.0.3
94 silly idealTree ├── ripemd160@1.0.1
94 silly idealTree ├── run-sequence@1.2.2
94 silly idealTree ├─┬ sass-graph@2.1.2
94 silly idealTree │ ├── cliui@3.2.0
94 silly idealTree │ ├── glob@7.1.1
94 silly idealTree │ ├── minimatch@3.0.3
94 silly idealTree │ ├── window-size@0.2.0
94 silly idealTree │ └── yargs@4.8.1
94 silly idealTree ├─┬ sass-loader@4.1.1
94 silly idealTree │ ├── async@2.1.4
94 silly idealTree │ └── object-assign@4.1.1
94 silly idealTree ├── sax@1.2.1
94 silly idealTree ├── semver@4.3.6
94 silly idealTree ├── sequencify@0.0.7
94 silly idealTree ├── set-blocking@2.0.0
94 silly idealTree ├── set-immediate-shim@1.0.1
94 silly idealTree ├── setimmediate@1.0.5
94 silly idealTree ├── sha.js@2.4.8
94 silly idealTree ├─┬ shelljs@0.7.6
94 silly idealTree │ ├── glob@7.1.1
94 silly idealTree │ └── minimatch@3.0.3
94 silly idealTree ├── shellwords@0.1.0
94 silly idealTree ├── sigmund@1.0.1
94 silly idealTree ├── signal-exit@3.0.2
94 silly idealTree ├── sntp@1.0.9
94 silly idealTree ├── sort-keys@1.1.2
94 silly idealTree ├── source-list-map@0.1.8
94 silly idealTree ├── source-map-resolve@0.3.1
94 silly idealTree ├── source-map-url@0.3.0
94 silly idealTree ├── source-map@0.4.4
94 silly idealTree ├── sparkles@1.0.0
94 silly idealTree ├── spdx-correct@1.0.2
94 silly idealTree ├── spdx-expression-parse@1.0.4
94 silly idealTree ├── spdx-license-ids@1.2.2
94 silly idealTree ├── sprintf-js@1.0.3
94 silly idealTree ├─┬ sshpk@1.10.2
94 silly idealTree │ └── assert-plus@1.0.0
94 silly idealTree ├─┬ stream-array@1.1.2
94 silly idealTree │ ├── isarray@1.0.0
94 silly idealTree │ └── readable-stream@2.1.5
94 silly idealTree ├─┬ stream-browserify@2.0.1
94 silly idealTree │ ├── isarray@1.0.0
94 silly idealTree │ └── readable-stream@2.2.2
94 silly idealTree ├── stream-consume@0.1.0
94 silly idealTree ├── stream-exhaust@1.0.1
94 silly idealTree ├─┬ stream-http@2.6.3
94 silly idealTree │ ├── isarray@1.0.0
94 silly idealTree │ └── readable-stream@2.2.2
94 silly idealTree ├── stream-shift@1.0.0
94 silly idealTree ├─┬ streamfilter@1.0.5
94 silly idealTree │ ├── isarray@1.0.0
94 silly idealTree │ └── readable-stream@2.2.2
94 silly idealTree ├── strict-uri-encode@1.1.0
94 silly idealTree ├── string_decoder@0.10.31
94 silly idealTree ├── string-width@1.0.2
94 silly idealTree ├── string.prototype.codepointat@0.2.0
94 silly idealTree ├── stringstream@0.0.5
94 silly idealTree ├── strip-ansi@3.0.1
94 silly idealTree ├─┬ strip-bom-stream@1.0.0
94 silly idealTree │ └── strip-bom@2.0.0
94 silly idealTree ├── strip-bom@1.0.0
94 silly idealTree ├── strip-indent@1.0.1
94 silly idealTree ├── supports-color@2.0.0
94 silly idealTree ├─┬ svgo@0.7.1
94 silly idealTree │ └── colors@1.1.2
94 silly idealTree ├── tapable@0.2.6
94 silly idealTree ├── tar@2.2.1
94 silly idealTree ├── ternary-stream@2.0.1
94 silly idealTree ├── through@2.3.8
94 silly idealTree ├─┬ through2@2.0.3
94 silly idealTree │ ├── isarray@1.0.0
94 silly idealTree │ └── readable-stream@2.2.2
94 silly idealTree ├── tildify@1.2.0
94 silly idealTree ├── time-stamp@1.0.1
94 silly idealTree ├── timers-browserify@1.4.2
94 silly idealTree ├── to-arraybuffer@1.0.1
94 silly idealTree ├── tough-cookie@2.3.2
94 silly idealTree ├── trim-newlines@1.0.0
94 silly idealTree ├── tty-browserify@0.0.0
94 silly idealTree ├── tunnel-agent@0.4.3
94 silly idealTree ├── tweetnacl@0.14.5
94 silly idealTree ├─┬ uglify-js@2.7.5
94 silly idealTree │ └── source-map@0.5.6
94 silly idealTree ├── uglify-save-license@0.4.1
94 silly idealTree ├── uglify-to-browserify@1.0.2
94 silly idealTree ├── unc-path-regex@0.1.2
94 silly idealTree ├── underscore@1.8.3
94 silly idealTree ├── uniq@1.0.1
94 silly idealTree ├── uniqid@4.1.1
94 silly idealTree ├── uniqs@2.0.0
94 silly idealTree ├── unique-stream@1.0.0
94 silly idealTree ├── urix@0.1.0
94 silly idealTree ├─┬ url-loader@0.5.7
94 silly idealTree │ └── mime@1.2.11
94 silly idealTree ├─┬ url@0.11.0
94 silly idealTree │ └── punycode@1.3.2
94 silly idealTree ├── user-home@1.1.1
94 silly idealTree ├── util-deprecate@1.0.2
94 silly idealTree ├─┬ util@0.10.3
94 silly idealTree │ └── inherits@2.0.1
94 silly idealTree ├── uuid@3.0.1
94 silly idealTree ├── v8flags@2.0.11
94 silly idealTree ├── validate-npm-package-license@3.0.1
94 silly idealTree ├── vendors@1.0.1
94 silly idealTree ├── verror@1.3.6
94 silly idealTree ├─┬ vinyl-file@1.3.0
94 silly idealTree │ ├── graceful-fs@4.1.11
94 silly idealTree │ ├── strip-bom@2.0.0
94 silly idealTree │ └── vinyl@1.2.0
94 silly idealTree ├─┬ vinyl-fs@0.3.14
94 silly idealTree │ ├── clone@0.2.0
94 silly idealTree │ ├── readable-stream@1.0.34
94 silly idealTree │ ├── through2@0.6.5
94 silly idealTree │ └── vinyl@0.4.6
94 silly idealTree ├── vinyl-map2@1.2.1
94 silly idealTree ├─┬ vinyl-sourcemaps-apply@0.2.1
94 silly idealTree │ └── source-map@0.5.6
94 silly idealTree ├── vinyl@0.5.3
94 silly idealTree ├── vlq@0.2.1
94 silly idealTree ├── vm-browserify@0.0.4
94 silly idealTree ├── vue-hot-reload-api@2.0.8
94 silly idealTree ├─┬ vue-loader@9.9.5
94 silly idealTree │ ├── lru-cache@4.0.2
94 silly idealTree │ ├── object-assign@4.1.1
94 silly idealTree │ └── source-map@0.5.6
94 silly idealTree ├── vue-resource@1.0.3
94 silly idealTree ├── vue-style-loader@1.0.0
94 silly idealTree ├── vue-template-compiler@2.1.10
94 silly idealTree ├── vue-template-es2015-compiler@1.5.0
94 silly idealTree ├── vue@2.1.10
94 silly idealTree ├─┬ watchpack@1.2.0
94 silly idealTree │ ├── async@2.1.4
94 silly idealTree │ └── graceful-fs@4.1.11
94 silly idealTree ├── webpack-core@0.6.9
94 silly idealTree ├─┬ webpack-sources@0.1.4
94 silly idealTree │ └── source-map@0.5.6
94 silly idealTree ├─┬ webpack-stream@3.2.0
94 silly idealTree │ ├── acorn@3.3.0
94 silly idealTree │ ├── async@1.5.2
94 silly idealTree │ ├── browserify-aes@0.4.0
94 silly idealTree │ ├── crypto-browserify@3.3.0
94 silly idealTree │ ├─┬ enhanced-resolve@0.9.1
94 silly idealTree │ │ └── memory-fs@0.2.0
94 silly idealTree │ ├── graceful-fs@4.1.11
94 silly idealTree │ ├── interpret@0.6.6
94 silly idealTree │ ├── isarray@1.0.0
94 silly idealTree │ ├── node-libs-browser@0.7.0
94 silly idealTree │ ├── readable-stream@2.2.2
94 silly idealTree │ ├── ripemd160@0.2.0
94 silly idealTree │ ├── sha.js@2.2.6
94 silly idealTree │ ├── supports-color@3.2.3
94 silly idealTree │ ├── tapable@0.1.10
94 silly idealTree │ ├── timers-browserify@2.0.2
94 silly idealTree │ ├── vinyl@1.2.0
94 silly idealTree │ ├─┬ watchpack@0.2.9
94 silly idealTree │ │ └── async@0.9.2
94 silly idealTree │ └── webpack@1.14.0
94 silly idealTree ├─┬ webpack@2.1.0-beta.22
94 silly idealTree │ ├── acorn@3.3.0
94 silly idealTree │ ├── async@1.5.2
94 silly idealTree │ ├── object-assign@4.1.1
94 silly idealTree │ ├── source-map@0.5.6
94 silly idealTree │ ├── supports-color@3.2.3
94 silly idealTree │ ├─┬ uglify-js@2.6.4
94 silly idealTree │ │ ├── async@0.2.10
94 silly idealTree │ │ └── yargs@3.10.0
94 silly idealTree │ └─┬ yargs@4.8.1
94 silly idealTree │   ├── cliui@3.2.0
94 silly idealTree │   └── window-size@0.2.0
94 silly idealTree ├── when@3.7.7
94 silly idealTree ├── whet.extend@0.9.9
94 silly idealTree ├── which-module@1.0.0
94 silly idealTree ├── which@1.2.12
94 silly idealTree ├── wide-align@1.1.0
94 silly idealTree ├── window-size@0.1.0
94 silly idealTree ├── wordwrap@0.0.2
94 silly idealTree ├── wrap-ansi@2.1.0
94 silly idealTree ├── wrappy@1.0.2
94 silly idealTree ├── xtend@4.0.1
94 silly idealTree ├── y18n@3.2.1
94 silly idealTree ├── yallist@2.0.0
94 silly idealTree ├─┬ yargs-parser@2.4.1
94 silly idealTree │ └── camelcase@3.0.0
94 silly idealTree └── yargs@3.10.0
95 silly generateActionsToTake Starting
96 silly install generateActionsToTake
97 warn checkPermissions Missing write access to /var/www/html/ajaxlogin/node_modules
98 silly rollbackFailedOptional Starting
99 silly rollbackFailedOptional Finishing
100 silly runTopLevelLifecycles Starting
101 silly runTopLevelLifecycles Finishing
102 silly install printInstalled
103 warn optional Skipping failed optional dependency /chokidar/fsevents:
104 warn notsup Not compatible with your operating system or architecture: fsevents@1.0.17
105 verbose stack Error: EACCES: permission denied, access '/var/www/html/ajaxlogin/node_modules'
105 verbose stack     at Error (native)
106 verbose cwd /var/www/html/ajaxlogin
107 error Linux 3.13.0-24-generic
108 error argv "/usr/bin/nodejs" "/usr/bin/npm" "install" "chosen-js"
109 error node v4.4.7
110 error npm  v3.10.5
111 error path /var/www/html/ajaxlogin/node_modules
112 error code EACCES
113 error errno -13
114 error syscall access
115 error Error: EACCES: permission denied, access '/var/www/html/ajaxlogin/node_modules'
115 error     at Error (native)
115 error  { [Error: EACCES: permission denied, access '/var/www/html/ajaxlogin/node_modules']
115 error   errno: -13,
115 error   code: 'EACCES',
115 error   syscall: 'access',
115 error   path: '/var/www/html/ajaxlogin/node_modules' }
116 error Please try running this command again as root/Administrator.
117 verbose exit [ -13, true ]
